Aligning contigs to reference...
	Aligning contigs to the reference
Filtering alignments...
Parsing coords...
Loading reference...
	Loaded [CM057397.1]
	Loaded [CM057398.1]
	Loaded [CM057399.1]
	Loaded [CM057400.1]
	Loaded [CM057401.1]
	Loaded [CM057402.1]
	Loaded [CM057403.1]
	Loaded [CM057404.1]
	Loaded [JARFXW010000011.1]
	Loaded [JARFXW010000101.1]
	Loaded [JARFXW010000102.1]
	Loaded [JARFXW010000103.1]
	Loaded [JARFXW010000104.1]
	Loaded [JARFXW010000105.1]
	Loaded [JARFXW010000106.1]
	Loaded [JARFXW010000107.1]
	Loaded [JARFXW010000108.1]
	Loaded [JARFXW010000109.1]
	Loaded [JARFXW010000110.1]
	Loaded [JARFXW010000012.1]
	Loaded [JARFXW010000111.1]
	Loaded [JARFXW010000112.1]
	Loaded [JARFXW010000113.1]
	Loaded [JARFXW010000114.1]
	Loaded [JARFXW010000115.1]
	Loaded [JARFXW010000116.1]
	Loaded [JARFXW010000117.1]
	Loaded [JARFXW010000118.1]
	Loaded [JARFXW010000119.1]
	Loaded [JARFXW010000120.1]
	Loaded [JARFXW010000013.1]
	Loaded [JARFXW010000121.1]
	Loaded [JARFXW010000122.1]
	Loaded [JARFXW010000123.1]
	Loaded [JARFXW010000124.1]
	Loaded [JARFXW010000125.1]
	Loaded [JARFXW010000126.1]
	Loaded [JARFXW010000127.1]
	Loaded [JARFXW010000128.1]
	Loaded [JARFXW010000129.1]
	Loaded [JARFXW010000130.1]
	Loaded [JARFXW010000014.1]
	Loaded [JARFXW010000131.1]
	Loaded [JARFXW010000132.1]
	Loaded [JARFXW010000133.1]
	Loaded [JARFXW010000134.1]
	Loaded [JARFXW010000135.1]
	Loaded [JARFXW010000136.1]
	Loaded [JARFXW010000137.1]
	Loaded [JARFXW010000138.1]
	Loaded [JARFXW010000139.1]
	Loaded [JARFXW010000140.1]
	Loaded [JARFXW010000015.1]
	Loaded [JARFXW010000141.1]
	Loaded [JARFXW010000142.1]
	Loaded [JARFXW010000143.1]
	Loaded [JARFXW010000144.1]
	Loaded [JARFXW010000145.1]
	Loaded [JARFXW010000146.1]
	Loaded [JARFXW010000147.1]
	Loaded [JARFXW010000148.1]
	Loaded [JARFXW010000149.1]
	Loaded [JARFXW010000150.1]
	Loaded [JARFXW010000016.1]
	Loaded [JARFXW010000151.1]
	Loaded [JARFXW010000152.1]
	Loaded [JARFXW010000153.1]
	Loaded [JARFXW010000154.1]
	Loaded [JARFXW010000155.1]
	Loaded [JARFXW010000156.1]
	Loaded [JARFXW010000157.1]
	Loaded [JARFXW010000158.1]
	Loaded [JARFXW010000159.1]
	Loaded [JARFXW010000160.1]
	Loaded [JARFXW010000017.1]
	Loaded [JARFXW010000161.1]
	Loaded [JARFXW010000162.1]
	Loaded [JARFXW010000163.1]
	Loaded [JARFXW010000164.1]
	Loaded [JARFXW010000165.1]
	Loaded [JARFXW010000166.1]
	Loaded [JARFXW010000167.1]
	Loaded [JARFXW010000168.1]
	Loaded [JARFXW010000169.1]
	Loaded [JARFXW010000170.1]
	Loaded [JARFXW010000018.1]
	Loaded [JARFXW010000171.1]
	Loaded [JARFXW010000172.1]
	Loaded [JARFXW010000173.1]
	Loaded [JARFXW010000174.1]
	Loaded [JARFXW010000175.1]
	Loaded [JARFXW010000176.1]
	Loaded [JARFXW010000177.1]
	Loaded [JARFXW010000178.1]
	Loaded [JARFXW010000179.1]
	Loaded [JARFXW010000180.1]
	Loaded [JARFXW010000019.1]
	Loaded [JARFXW010000181.1]
	Loaded [JARFXW010000182.1]
	Loaded [JARFXW010000183.1]
	Loaded [JARFXW010000184.1]
	Loaded [JARFXW010000185.1]
	Loaded [JARFXW010000186.1]
	Loaded [JARFXW010000187.1]
	Loaded [JARFXW010000188.1]
	Loaded [JARFXW010000189.1]
	Loaded [JARFXW010000190.1]
	Loaded [JARFXW010000020.1]
	Loaded [JARFXW010000191.1]
	Loaded [JARFXW010000192.1]
	Loaded [JARFXW010000193.1]
	Loaded [JARFXW010000194.1]
	Loaded [JARFXW010000195.1]
	Loaded [JARFXW010000196.1]
	Loaded [JARFXW010000197.1]
	Loaded [JARFXW010000198.1]
	Loaded [JARFXW010000199.1]
	Loaded [JARFXW010000200.1]
	Loaded [JARFXW010000021.1]
	Loaded [JARFXW010000201.1]
	Loaded [JARFXW010000202.1]
	Loaded [JARFXW010000203.1]
	Loaded [JARFXW010000204.1]
	Loaded [JARFXW010000205.1]
	Loaded [JARFXW010000206.1]
	Loaded [JARFXW010000207.1]
	Loaded [JARFXW010000208.1]
	Loaded [JARFXW010000209.1]
	Loaded [JARFXW010000210.1]
	Loaded [JARFXW010000022.1]
	Loaded [JARFXW010000211.1]
	Loaded [JARFXW010000212.1]
	Loaded [JARFXW010000213.1]
	Loaded [JARFXW010000214.1]
	Loaded [JARFXW010000215.1]
	Loaded [JARFXW010000216.1]
	Loaded [JARFXW010000217.1]
	Loaded [JARFXW010000218.1]
	Loaded [JARFXW010000219.1]
	Loaded [JARFXW010000220.1]
	Loaded [JARFXW010000023.1]
	Loaded [JARFXW010000221.1]
	Loaded [JARFXW010000222.1]
	Loaded [JARFXW010000223.1]
	Loaded [JARFXW010000224.1]
	Loaded [JARFXW010000225.1]
	Loaded [JARFXW010000226.1]
	Loaded [JARFXW010000227.1]
	Loaded [JARFXW010000228.1]
	Loaded [JARFXW010000229.1]
	Loaded [JARFXW010000230.1]
	Loaded [JARFXW010000024.1]
	Loaded [JARFXW010000231.1]
	Loaded [JARFXW010000232.1]
	Loaded [JARFXW010000233.1]
	Loaded [JARFXW010000234.1]
	Loaded [JARFXW010000235.1]
	Loaded [JARFXW010000236.1]
	Loaded [JARFXW010000237.1]
	Loaded [JARFXW010000238.1]
	Loaded [JARFXW010000239.1]
	Loaded [JARFXW010000240.1]
	Loaded [JARFXW010000025.1]
	Loaded [JARFXW010000241.1]
	Loaded [JARFXW010000242.1]
	Loaded [JARFXW010000243.1]
	Loaded [JARFXW010000244.1]
	Loaded [JARFXW010000245.1]
	Loaded [JARFXW010000246.1]
	Loaded [JARFXW010000247.1]
	Loaded [JARFXW010000248.1]
	Loaded [JARFXW010000249.1]
	Loaded [JARFXW010000250.1]
	Loaded [JARFXW010000026.1]
	Loaded [JARFXW010000251.1]
	Loaded [JARFXW010000252.1]
	Loaded [JARFXW010000253.1]
	Loaded [JARFXW010000254.1]
	Loaded [JARFXW010000255.1]
	Loaded [JARFXW010000256.1]
	Loaded [JARFXW010000257.1]
	Loaded [JARFXW010000258.1]
	Loaded [JARFXW010000259.1]
	Loaded [JARFXW010000260.1]
	Loaded [JARFXW010000027.1]
	Loaded [JARFXW010000261.1]
	Loaded [JARFXW010000262.1]
	Loaded [JARFXW010000263.1]
	Loaded [JARFXW010000264.1]
	Loaded [JARFXW010000265.1]
	Loaded [JARFXW010000266.1]
	Loaded [JARFXW010000267.1]
	Loaded [JARFXW010000268.1]
	Loaded [JARFXW010000269.1]
	Loaded [JARFXW010000270.1]
	Loaded [JARFXW010000028.1]
	Loaded [JARFXW010000271.1]
	Loaded [JARFXW010000272.1]
	Loaded [JARFXW010000273.1]
	Loaded [JARFXW010000274.1]
	Loaded [JARFXW010000275.1]
	Loaded [JARFXW010000276.1]
	Loaded [JARFXW010000277.1]
	Loaded [JARFXW010000278.1]
	Loaded [JARFXW010000279.1]
	Loaded [JARFXW010000280.1]
	Loaded [JARFXW010000029.1]
	Loaded [JARFXW010000281.1]
	Loaded [JARFXW010000282.1]
	Loaded [JARFXW010000283.1]
	Loaded [JARFXW010000284.1]
	Loaded [JARFXW010000285.1]
	Loaded [JARFXW010000286.1]
	Loaded [JARFXW010000287.1]
	Loaded [JARFXW010000288.1]
	Loaded [JARFXW010000289.1]
	Loaded [JARFXW010000290.1]
	Loaded [JARFXW010000030.1]
	Loaded [JARFXW010000291.1]
	Loaded [JARFXW010000292.1]
	Loaded [JARFXW010000293.1]
	Loaded [JARFXW010000294.1]
	Loaded [JARFXW010000295.1]
	Loaded [JARFXW010000296.1]
	Loaded [JARFXW010000297.1]
	Loaded [JARFXW010000298.1]
	Loaded [JARFXW010000299.1]
	Loaded [JARFXW010000300.1]
	Loaded [JARFXW010000031.1]
	Loaded [JARFXW010000301.1]
	Loaded [JARFXW010000302.1]
	Loaded [JARFXW010000303.1]
	Loaded [JARFXW010000304.1]
	Loaded [JARFXW010000305.1]
	Loaded [JARFXW010000306.1]
	Loaded [JARFXW010000307.1]
	Loaded [JARFXW010000308.1]
	Loaded [JARFXW010000309.1]
	Loaded [JARFXW010000310.1]
	Loaded [JARFXW010000032.1]
	Loaded [JARFXW010000311.1]
	Loaded [JARFXW010000312.1]
	Loaded [JARFXW010000313.1]
	Loaded [JARFXW010000314.1]
	Loaded [JARFXW010000315.1]
	Loaded [JARFXW010000316.1]
	Loaded [JARFXW010000317.1]
	Loaded [JARFXW010000318.1]
	Loaded [JARFXW010000319.1]
	Loaded [JARFXW010000320.1]
	Loaded [JARFXW010000033.1]
	Loaded [JARFXW010000321.1]
	Loaded [JARFXW010000322.1]
	Loaded [JARFXW010000323.1]
	Loaded [JARFXW010000324.1]
	Loaded [JARFXW010000325.1]
	Loaded [JARFXW010000326.1]
	Loaded [JARFXW010000327.1]
	Loaded [JARFXW010000328.1]
	Loaded [JARFXW010000329.1]
	Loaded [JARFXW010000330.1]
	Loaded [JARFXW010000034.1]
	Loaded [JARFXW010000331.1]
	Loaded [JARFXW010000332.1]
	Loaded [JARFXW010000333.1]
	Loaded [JARFXW010000334.1]
	Loaded [JARFXW010000335.1]
	Loaded [JARFXW010000336.1]
	Loaded [JARFXW010000337.1]
	Loaded [JARFXW010000338.1]
	Loaded [JARFXW010000339.1]
	Loaded [JARFXW010000340.1]
	Loaded [JARFXW010000035.1]
	Loaded [JARFXW010000036.1]
	Loaded [JARFXW010000037.1]
	Loaded [JARFXW010000038.1]
	Loaded [JARFXW010000039.1]
	Loaded [JARFXW010000040.1]
	Loaded [JARFXW010000041.1]
	Loaded [JARFXW010000042.1]
	Loaded [JARFXW010000043.1]
	Loaded [JARFXW010000044.1]
	Loaded [JARFXW010000045.1]
	Loaded [JARFXW010000046.1]
	Loaded [JARFXW010000047.1]
	Loaded [JARFXW010000048.1]
	Loaded [JARFXW010000049.1]
	Loaded [JARFXW010000050.1]
	Loaded [JARFXW010000051.1]
	Loaded [JARFXW010000052.1]
	Loaded [JARFXW010000053.1]
	Loaded [JARFXW010000054.1]
	Loaded [JARFXW010000055.1]
	Loaded [JARFXW010000056.1]
	Loaded [JARFXW010000057.1]
	Loaded [JARFXW010000058.1]
	Loaded [JARFXW010000059.1]
	Loaded [JARFXW010000060.1]
	Loaded [JARFXW010000061.1]
	Loaded [JARFXW010000062.1]
	Loaded [JARFXW010000063.1]
	Loaded [JARFXW010000064.1]
	Loaded [JARFXW010000065.1]
	Loaded [JARFXW010000066.1]
	Loaded [JARFXW010000067.1]
	Loaded [JARFXW010000068.1]
	Loaded [JARFXW010000069.1]
	Loaded [JARFXW010000070.1]
	Loaded [JARFXW010000071.1]
	Loaded [JARFXW010000072.1]
	Loaded [JARFXW010000073.1]
	Loaded [JARFXW010000074.1]
	Loaded [JARFXW010000075.1]
	Loaded [JARFXW010000076.1]
	Loaded [JARFXW010000077.1]
	Loaded [JARFXW010000078.1]
	Loaded [JARFXW010000079.1]
	Loaded [JARFXW010000080.1]
	Loaded [JARFXW010000009.1]
	Loaded [JARFXW010000081.1]
	Loaded [JARFXW010000082.1]
	Loaded [JARFXW010000083.1]
	Loaded [JARFXW010000084.1]
	Loaded [JARFXW010000085.1]
	Loaded [JARFXW010000086.1]
	Loaded [JARFXW010000087.1]
	Loaded [JARFXW010000088.1]
	Loaded [JARFXW010000089.1]
	Loaded [JARFXW010000090.1]
	Loaded [JARFXW010000010.1]
	Loaded [JARFXW010000091.1]
	Loaded [JARFXW010000092.1]
	Loaded [JARFXW010000093.1]
	Loaded [JARFXW010000094.1]
	Loaded [JARFXW010000095.1]
	Loaded [JARFXW010000096.1]
	Loaded [JARFXW010000097.1]
	Loaded [JARFXW010000098.1]
	Loaded [JARFXW010000099.1]
	Loaded [JARFXW010000100.1]
	Total Regions: 340
	Total Region Length: 37795174
Analyzing contigs...
CONTIG: CM057397.1 (5092470bp)
Best alignment score: 5092470.0 (LEN: 5092470, IDY: 100.00), Total number of alignments: 1
		One align captures most of this contig: 1 5092470 | 1 5092470 | 5092470 5092470 | 100.0 | CM057397.1 CM057397.1

CONTIG: CM057398.1 (9205284bp)
Best alignment score: 9205284.0 (LEN: 9205284, IDY: 100.00), Total number of alignments: 1
		One align captures most of this contig: 1 9205284 | 1 9205284 | 9205284 9205284 | 100.0 | CM057398.1 CM057398.1

CONTIG: CM057399.1 (4829436bp)
Best alignment score: 4829436.0 (LEN: 4829436, IDY: 100.00), Total number of alignments: 1
		One align captures most of this contig: 1 4829436 | 1 4829436 | 4829436 4829436 | 100.0 | CM057399.1 CM057399.1

CONTIG: CM057400.1 (2849274bp)
Best alignment score: 2849274.0 (LEN: 2849274, IDY: 100.00), Total number of alignments: 1
		One align captures most of this contig: 1 2849274 | 1 2849274 | 2849274 2849274 | 100.0 | CM057400.1 CM057400.1

CONTIG: CM057401.1 (5291177bp)
Best alignment score: 5291177.0 (LEN: 5291177, IDY: 100.00), Total number of alignments: 1
		One align captures most of this contig: 1 5291177 | 1 5291177 | 5291177 5291177 | 100.0 | CM057401.1 CM057401.1

CONTIG: CM057402.1 (4333929bp)
Best alignment score: 4333929.0 (LEN: 4333929, IDY: 100.00), Total number of alignments: 1
		One align captures most of this contig: 1 4333929 | 1 4333929 | 4333929 4333929 | 100.0 | CM057402.1 CM057402.1

CONTIG: CM057403.1 (1526894bp)
Best alignment score: 1526894.0 (LEN: 1526894, IDY: 100.00), Total number of alignments: 1
		One align captures most of this contig: 1 1526894 | 1 1526894 | 1526894 1526894 | 100.0 | CM057403.1 CM057403.1

CONTIG: CM057404.1 (1231058bp)
Best alignment score: 1231058.0 (LEN: 1231058, IDY: 100.00), Total number of alignments: 1
		One align captures most of this contig: 1 1231058 | 1 1231058 | 1231058 1231058 | 100.0 | CM057404.1 CM057404.1

CONTIG: JARFXW010000011.1 (60742bp)
Best alignment score: 60742.0 (LEN: 60742, IDY: 100.00), Total number of alignments: 1
		One align captures most of this contig: 1 60742 | 1 60742 | 60742 60742 | 100.0 | JARFXW010000011.1 JARFXW010000011.1

CONTIG: JARFXW010000101.1 (8070bp)
Best alignment score: 8070.0 (LEN: 8070, IDY: 100.00), Total number of alignments: 1
		One align captures most of this contig: 1 8070 | 1 8070 | 8070 8070 | 100.0 | JARFXW010000101.1 JARFXW010000101.1

CONTIG: JARFXW010000102.1 (1615bp)
Best alignment score: 1615.0 (LEN: 1615, IDY: 100.00), Total number of alignments: 1
		One align captures most of this contig: 1 1615 | 1 1615 | 1615 1615 | 100.0 | JARFXW010000102.1 JARFXW010000102.1

CONTIG: JARFXW010000103.1 (1938bp)
Best alignment score: 1938.0 (LEN: 1938, IDY: 100.00), Total number of alignments: 1
		One align captures most of this contig: 1 1938 | 1 1938 | 1938 1938 | 100.0 | JARFXW010000103.1 JARFXW010000103.1

CONTIG: JARFXW010000104.1 (1964bp)
Best alignment score: 1964.0 (LEN: 1964, IDY: 100.00), Total number of alignments: 1
		One align captures most of this contig: 1 1964 | 1 1964 | 1964 1964 | 100.0 | JARFXW010000104.1 JARFXW010000104.1

CONTIG: JARFXW010000105.1 (1289bp)
Best alignment score: 1289.0 (LEN: 1289, IDY: 100.00), Total number of alignments: 1
		One align captures most of this contig: 1 1289 | 1 1289 | 1289 1289 | 100.0 | JARFXW010000105.1 JARFXW010000105.1

CONTIG: JARFXW010000106.1 (1038bp)
Best alignment score: 1038.0 (LEN: 1038, IDY: 100.00), Total number of alignments: 1
		One align captures most of this contig: 1 1038 | 1 1038 | 1038 1038 | 100.0 | JARFXW010000106.1 JARFXW010000106.1

CONTIG: JARFXW010000107.1 (2449bp)
Best alignment score: 2449.0 (LEN: 2449, IDY: 100.00), Total number of alignments: 1
		One align captures most of this contig: 1 2449 | 1 2449 | 2449 2449 | 100.0 | JARFXW010000107.1 JARFXW010000107.1

CONTIG: JARFXW010000108.1 (3178bp)
Best alignment score: 3178.0 (LEN: 3178, IDY: 100.00), Total number of alignments: 1
		One align captures most of this contig: 1 3178 | 1 3178 | 3178 3178 | 100.0 | JARFXW010000108.1 JARFXW010000108.1

CONTIG: JARFXW010000109.1 (6189bp)
Best alignment score: 6189.0 (LEN: 6189, IDY: 100.00), Total number of alignments: 1
		One align captures most of this contig: 1 6189 | 1 6189 | 6189 6189 | 100.0 | JARFXW010000109.1 JARFXW010000109.1

CONTIG: JARFXW010000110.1 (1259bp)
Best alignment score: 1259.0 (LEN: 1259, IDY: 100.00), Total number of alignments: 1
		One align captures most of this contig: 1 1259 | 1 1259 | 1259 1259 | 100.0 | JARFXW010000110.1 JARFXW010000110.1

CONTIG: JARFXW010000012.1 (108798bp)
Best alignment score: 108798.0 (LEN: 108798, IDY: 100.00), Total number of alignments: 1
		One align captures most of this contig: 1 108798 | 1 108798 | 108798 108798 | 100.0 | JARFXW010000012.1 JARFXW010000012.1

CONTIG: JARFXW010000111.1 (1484bp)
Best alignment score: 1484.0 (LEN: 1484, IDY: 100.00), Total number of alignments: 1
		One align captures most of this contig: 1 1484 | 1 1484 | 1484 1484 | 100.0 | JARFXW010000111.1 JARFXW010000111.1

CONTIG: JARFXW010000112.1 (1100bp)
Best alignment score: 1100.0 (LEN: 1100, IDY: 100.00), Total number of alignments: 1
		One align captures most of this contig: 1 1100 | 1 1100 | 1100 1100 | 100.0 | JARFXW010000112.1 JARFXW010000112.1

CONTIG: JARFXW010000113.1 (2105bp)
Best alignment score: 2105.0 (LEN: 2105, IDY: 100.00), Total number of alignments: 1
		One align captures most of this contig: 1 2105 | 1 2105 | 2105 2105 | 100.0 | JARFXW010000113.1 JARFXW010000113.1

CONTIG: JARFXW010000114.1 (15980bp)
Best alignment score: 15980.0 (LEN: 15980, IDY: 100.00), Total number of alignments: 1
		One align captures most of this contig: 1 15980 | 1 15980 | 15980 15980 | 100.0 | JARFXW010000114.1 JARFXW010000114.1

CONTIG: JARFXW010000115.1 (1611bp)
Best alignment score: 1611.0 (LEN: 1611, IDY: 100.00), Total number of alignments: 1
		One align captures most of this contig: 1 1611 | 1 1611 | 1611 1611 | 100.0 | JARFXW010000115.1 JARFXW010000115.1

CONTIG: JARFXW010000116.1 (1324bp)
Best alignment score: 1324.0 (LEN: 1324, IDY: 100.00), Total number of alignments: 1
		One align captures most of this contig: 1 1324 | 1 1324 | 1324 1324 | 100.0 | JARFXW010000116.1 JARFXW010000116.1

CONTIG: JARFXW010000117.1 (1605bp)
Best alignment score: 1605.0 (LEN: 1605, IDY: 100.00), Total number of alignments: 1
		One align captures most of this contig: 1 1605 | 1 1605 | 1605 1605 | 100.0 | JARFXW010000117.1 JARFXW010000117.1

CONTIG: JARFXW010000118.1 (1221bp)
Best alignment score: 1221.0 (LEN: 1221, IDY: 100.00), Total number of alignments: 1
		One align captures most of this contig: 1 1221 | 1 1221 | 1221 1221 | 100.0 | JARFXW010000118.1 JARFXW010000118.1

CONTIG: JARFXW010000119.1 (1026bp)
Best alignment score: 1026.0 (LEN: 1026, IDY: 100.00), Total number of alignments: 1
		One align captures most of this contig: 1 1026 | 1 1026 | 1026 1026 | 100.0 | JARFXW010000119.1 JARFXW010000119.1

CONTIG: JARFXW010000120.1 (1013bp)
Best alignment score: 1013.0 (LEN: 1013, IDY: 100.00), Total number of alignments: 1
		One align captures most of this contig: 1 1013 | 1 1013 | 1013 1013 | 100.0 | JARFXW010000120.1 JARFXW010000120.1

CONTIG: JARFXW010000013.1 (34799bp)
Best alignment score: 34799.0 (LEN: 34799, IDY: 100.00), Total number of alignments: 1
		One align captures most of this contig: 1 34799 | 1 34799 | 34799 34799 | 100.0 | JARFXW010000013.1 JARFXW010000013.1

CONTIG: JARFXW010000122.1 (25936bp)
Best alignment score: 25936.0 (LEN: 25936, IDY: 100.00), Total number of alignments: 1
		One align captures most of this contig: 1 25936 | 1 25936 | 25936 25936 | 100.0 | JARFXW010000122.1 JARFXW010000122.1

CONTIG: JARFXW010000123.1 (3533bp)
Best alignment score: 3533.0 (LEN: 3533, IDY: 100.00), Total number of alignments: 1
		One align captures most of this contig: 1 3533 | 1 3533 | 3533 3533 | 100.0 | JARFXW010000123.1 JARFXW010000123.1

CONTIG: JARFXW010000124.1 (7660bp)
Best alignment score: 7660.0 (LEN: 7660, IDY: 100.00), Total number of alignments: 1
		One align captures most of this contig: 1 7660 | 1 7660 | 7660 7660 | 100.0 | JARFXW010000124.1 JARFXW010000124.1

CONTIG: JARFXW010000125.1 (1668bp)
Best alignment score: 1668.0 (LEN: 1668, IDY: 100.00), Total number of alignments: 1
		One align captures most of this contig: 1 1668 | 1 1668 | 1668 1668 | 100.0 | JARFXW010000125.1 JARFXW010000125.1

CONTIG: JARFXW010000126.1 (2640bp)
Best alignment score: 2640.0 (LEN: 2640, IDY: 100.00), Total number of alignments: 1
		One align captures most of this contig: 1 2640 | 1 2640 | 2640 2640 | 100.0 | JARFXW010000126.1 JARFXW010000126.1

CONTIG: JARFXW010000127.1 (1135bp)
Best alignment score: 1135.0 (LEN: 1135, IDY: 100.00), Total number of alignments: 1
		One align captures most of this contig: 1 1135 | 1 1135 | 1135 1135 | 100.0 | JARFXW010000127.1 JARFXW010000127.1

CONTIG: JARFXW010000128.1 (2006bp)
Best alignment score: 2006.0 (LEN: 2006, IDY: 100.00), Total number of alignments: 1
		One align captures most of this contig: 1 2006 | 1 2006 | 2006 2006 | 100.0 | JARFXW010000128.1 JARFXW010000128.1

CONTIG: JARFXW010000129.1 (1120bp)
Best alignment score: 1120.0 (LEN: 1120, IDY: 100.00), Total number of alignments: 1
		One align captures most of this contig: 1 1120 | 1 1120 | 1120 1120 | 100.0 | JARFXW010000129.1 JARFXW010000129.1

CONTIG: JARFXW010000130.1 (2661bp)
Best alignment score: 2661.0 (LEN: 2661, IDY: 100.00), Total number of alignments: 1
		One align captures most of this contig: 1 2661 | 1 2661 | 2661 2661 | 100.0 | JARFXW010000130.1 JARFXW010000130.1

CONTIG: JARFXW010000014.1 (25664bp)
Best alignment score: 25664.0 (LEN: 25664, IDY: 100.00), Total number of alignments: 1
		One align captures most of this contig: 1 25664 | 1 25664 | 25664 25664 | 100.0 | JARFXW010000014.1 JARFXW010000014.1

CONTIG: JARFXW010000131.1 (5566bp)
Best alignment score: 5566.0 (LEN: 5566, IDY: 100.00), Total number of alignments: 1
		One align captures most of this contig: 1 5566 | 1 5566 | 5566 5566 | 100.0 | JARFXW010000131.1 JARFXW010000131.1

CONTIG: JARFXW010000132.1 (1738bp)
Best alignment score: 1738.0 (LEN: 1738, IDY: 100.00), Total number of alignments: 1
		One align captures most of this contig: 1 1738 | 1 1738 | 1738 1738 | 100.0 | JARFXW010000132.1 JARFXW010000132.1

CONTIG: JARFXW010000133.1 (1871bp)
Best alignment score: 1871.0 (LEN: 1871, IDY: 100.00), Total number of alignments: 1
		One align captures most of this contig: 1 1871 | 1 1871 | 1871 1871 | 100.0 | JARFXW010000133.1 JARFXW010000133.1

CONTIG: JARFXW010000134.1 (3445bp)
Best alignment score: 3445.0 (LEN: 3445, IDY: 100.00), Total number of alignments: 1
		One align captures most of this contig: 1 3445 | 1 3445 | 3445 3445 | 100.0 | JARFXW010000134.1 JARFXW010000134.1

CONTIG: JARFXW010000135.1 (6758bp)
Best alignment score: 6758.0 (LEN: 6758, IDY: 100.00), Total number of alignments: 1
		One align captures most of this contig: 1 6758 | 1 6758 | 6758 6758 | 100.0 | JARFXW010000135.1 JARFXW010000135.1

CONTIG: JARFXW010000136.1 (1090bp)
Best alignment score: 1090.0 (LEN: 1090, IDY: 100.00), Total number of alignments: 1
		One align captures most of this contig: 1 1090 | 1 1090 | 1090 1090 | 100.0 | JARFXW010000136.1 JARFXW010000136.1

CONTIG: JARFXW010000137.1 (1642bp)
Best alignment score: 1642.0 (LEN: 1642, IDY: 100.00), Total number of alignments: 1
		One align captures most of this contig: 1 1642 | 1 1642 | 1642 1642 | 100.0 | JARFXW010000137.1 JARFXW010000137.1

CONTIG: JARFXW010000138.1 (3432bp)
Best alignment score: 3432.0 (LEN: 3432, IDY: 100.00), Total number of alignments: 1
		One align captures most of this contig: 1 3432 | 1 3432 | 3432 3432 | 100.0 | JARFXW010000138.1 JARFXW010000138.1

CONTIG: JARFXW010000139.1 (1719bp)
Best alignment score: 1719.0 (LEN: 1719, IDY: 100.00), Total number of alignments: 1
		One align captures most of this contig: 1 1719 | 1 1719 | 1719 1719 | 100.0 | JARFXW010000139.1 JARFXW010000139.1

CONTIG: JARFXW010000140.1 (1643bp)
Best alignment score: 1643.0 (LEN: 1643, IDY: 100.00), Total number of alignments: 1
		One align captures most of this contig: 1 1643 | 1 1643 | 1643 1643 | 100.0 | JARFXW010000140.1 JARFXW010000140.1

CONTIG: JARFXW010000015.1 (37179bp)
Best alignment score: 37179.0 (LEN: 37179, IDY: 100.00), Total number of alignments: 1
		One align captures most of this contig: 1 37179 | 1 37179 | 37179 37179 | 100.0 | JARFXW010000015.1 JARFXW010000015.1

CONTIG: JARFXW010000141.1 (9777bp)
Best alignment score: 9777.0 (LEN: 9777, IDY: 100.00), Total number of alignments: 1
		One align captures most of this contig: 1 9777 | 1 9777 | 9777 9777 | 100.0 | JARFXW010000141.1 JARFXW010000141.1

CONTIG: JARFXW010000142.1 (1917bp)
Best alignment score: 1917.0 (LEN: 1917, IDY: 100.00), Total number of alignments: 1
		One align captures most of this contig: 1 1917 | 1 1917 | 1917 1917 | 100.0 | JARFXW010000142.1 JARFXW010000142.1

CONTIG: JARFXW010000143.1 (1237bp)
Best alignment score: 1237.0 (LEN: 1237, IDY: 100.00), Total number of alignments: 1
		One align captures most of this contig: 1 1237 | 1 1237 | 1237 1237 | 100.0 | JARFXW010000143.1 JARFXW010000143.1

CONTIG: JARFXW010000144.1 (1670bp)
Best alignment score: 1670.0 (LEN: 1670, IDY: 100.00), Total number of alignments: 1
		One align captures most of this contig: 1 1670 | 1 1670 | 1670 1670 | 100.0 | JARFXW010000144.1 JARFXW010000144.1

CONTIG: JARFXW010000145.1 (1621bp)
Best alignment score: 1621.0 (LEN: 1621, IDY: 100.00), Total number of alignments: 1
		One align captures most of this contig: 1 1621 | 1 1621 | 1621 1621 | 100.0 | JARFXW010000145.1 JARFXW010000145.1

CONTIG: JARFXW010000146.1 (1346bp)
Best alignment score: 1346.0 (LEN: 1346, IDY: 100.00), Total number of alignments: 1
		One align captures most of this contig: 1 1346 | 1 1346 | 1346 1346 | 100.0 | JARFXW010000146.1 JARFXW010000146.1

CONTIG: JARFXW010000147.1 (2435bp)
Best alignment score: 2435.0 (LEN: 2435, IDY: 100.00), Total number of alignments: 1
		One align captures most of this contig: 1 2435 | 1 2435 | 2435 2435 | 100.0 | JARFXW010000147.1 JARFXW010000147.1

CONTIG: JARFXW010000148.1 (1021bp)
Best alignment score: 1021.0 (LEN: 1021, IDY: 100.00), Total number of alignments: 1
		One align captures most of this contig: 1 1021 | 1 1021 | 1021 1021 | 100.0 | JARFXW010000148.1 JARFXW010000148.1

CONTIG: JARFXW010000149.1 (1062bp)
Best alignment score: 1062.0 (LEN: 1062, IDY: 100.00), Total number of alignments: 1
		One align captures most of this contig: 1 1062 | 1 1062 | 1062 1062 | 100.0 | JARFXW010000149.1 JARFXW010000149.1

CONTIG: JARFXW010000150.1 (2863bp)
Best alignment score: 2863.0 (LEN: 2863, IDY: 100.00), Total number of alignments: 1
		One align captures most of this contig: 1 2863 | 1 2863 | 2863 2863 | 100.0 | JARFXW010000150.1 JARFXW010000150.1

CONTIG: JARFXW010000016.1 (63080bp)
Best alignment score: 63080.0 (LEN: 63080, IDY: 100.00), Total number of alignments: 1
		One align captures most of this contig: 1 63080 | 1 63080 | 63080 63080 | 100.0 | JARFXW010000016.1 JARFXW010000016.1

CONTIG: JARFXW010000151.1 (1344bp)
Best alignment score: 1344.0 (LEN: 1344, IDY: 100.00), Total number of alignments: 1
		One align captures most of this contig: 1 1344 | 1 1344 | 1344 1344 | 100.0 | JARFXW010000151.1 JARFXW010000151.1

CONTIG: JARFXW010000152.1 (1380bp)
Best alignment score: 1380.0 (LEN: 1380, IDY: 100.00), Total number of alignments: 1
		One align captures most of this contig: 1 1380 | 1 1380 | 1380 1380 | 100.0 | JARFXW010000152.1 JARFXW010000152.1

CONTIG: JARFXW010000153.1 (1777bp)
Best alignment score: 1777.0 (LEN: 1777, IDY: 100.00), Total number of alignments: 1
		One align captures most of this contig: 1 1777 | 1 1777 | 1777 1777 | 100.0 | JARFXW010000153.1 JARFXW010000153.1

CONTIG: JARFXW010000154.1 (5986bp)
Best alignment score: 5986.0 (LEN: 5986, IDY: 100.00), Total number of alignments: 1
		One align captures most of this contig: 1 5986 | 1 5986 | 5986 5986 | 100.0 | JARFXW010000154.1 JARFXW010000154.1

CONTIG: JARFXW010000155.1 (26682bp)
Best alignment score: 26682.0 (LEN: 26682, IDY: 100.00), Total number of alignments: 1
		One align captures most of this contig: 1 26682 | 1 26682 | 26682 26682 | 100.0 | JARFXW010000155.1 JARFXW010000155.1

CONTIG: JARFXW010000156.1 (4748bp)
Best alignment score: 4748.0 (LEN: 4748, IDY: 100.00), Total number of alignments: 1
		One align captures most of this contig: 1 4748 | 1 4748 | 4748 4748 | 100.0 | JARFXW010000156.1 JARFXW010000156.1

CONTIG: JARFXW010000157.1 (1908bp)
Best alignment score: 1908.0 (LEN: 1908, IDY: 100.00), Total number of alignments: 1
		One align captures most of this contig: 1 1908 | 1 1908 | 1908 1908 | 100.0 | JARFXW010000157.1 JARFXW010000157.1

CONTIG: JARFXW010000158.1 (2962bp)
Best alignment score: 2962.0 (LEN: 2962, IDY: 100.00), Total number of alignments: 1
		One align captures most of this contig: 1 2962 | 1 2962 | 2962 2962 | 100.0 | JARFXW010000158.1 JARFXW010000158.1

CONTIG: JARFXW010000159.1 (1192bp)
Best alignment score: 1192.0 (LEN: 1192, IDY: 100.00), Total number of alignments: 1
		One align captures most of this contig: 1 1192 | 1 1192 | 1192 1192 | 100.0 | JARFXW010000159.1 JARFXW010000159.1

CONTIG: JARFXW010000160.1 (1536bp)
Best alignment score: 1536.0 (LEN: 1536, IDY: 100.00), Total number of alignments: 1
		One align captures most of this contig: 1 1536 | 1 1536 | 1536 1536 | 100.0 | JARFXW010000160.1 JARFXW010000160.1

CONTIG: JARFXW010000017.1 (12990bp)
Best alignment score: 12990.0 (LEN: 12990, IDY: 100.00), Total number of alignments: 1
		One align captures most of this contig: 1 12990 | 1 12990 | 12990 12990 | 100.0 | JARFXW010000017.1 JARFXW010000017.1

CONTIG: JARFXW010000161.1 (1601bp)
Best alignment score: 1601.0 (LEN: 1601, IDY: 100.00), Total number of alignments: 1
		One align captures most of this contig: 1 1601 | 1 1601 | 1601 1601 | 100.0 | JARFXW010000161.1 JARFXW010000161.1

CONTIG: JARFXW010000162.1 (1451bp)
Best alignment score: 1451.0 (LEN: 1451, IDY: 100.00), Total number of alignments: 1
		One align captures most of this contig: 1 1451 | 1 1451 | 1451 1451 | 100.0 | JARFXW010000162.1 JARFXW010000162.1

CONTIG: JARFXW010000163.1 (1138bp)
Best alignment score: 1138.0 (LEN: 1138, IDY: 100.00), Total number of alignments: 1
		One align captures most of this contig: 1 1138 | 1 1138 | 1138 1138 | 100.0 | JARFXW010000163.1 JARFXW010000163.1

CONTIG: JARFXW010000164.1 (1204bp)
Best alignment score: 1204.0 (LEN: 1204, IDY: 100.00), Total number of alignments: 1
		One align captures most of this contig: 1 1204 | 1 1204 | 1204 1204 | 100.0 | JARFXW010000164.1 JARFXW010000164.1

CONTIG: JARFXW010000165.1 (1242bp)
Best alignment score: 1242.0 (LEN: 1242, IDY: 100.00), Total number of alignments: 1
		One align captures most of this contig: 1 1242 | 1 1242 | 1242 1242 | 100.0 | JARFXW010000165.1 JARFXW010000165.1

CONTIG: JARFXW010000166.1 (3020bp)
Best alignment score: 3020.0 (LEN: 3020, IDY: 100.00), Total number of alignments: 1
		One align captures most of this contig: 1 3020 | 1 3020 | 3020 3020 | 100.0 | JARFXW010000166.1 JARFXW010000166.1

CONTIG: JARFXW010000167.1 (1142bp)
Best alignment score: 1142.0 (LEN: 1142, IDY: 100.00), Total number of alignments: 1
		One align captures most of this contig: 1 1142 | 1 1142 | 1142 1142 | 100.0 | JARFXW010000167.1 JARFXW010000167.1

CONTIG: JARFXW010000168.1 (2836bp)
Best alignment score: 2836.0 (LEN: 2836, IDY: 100.00), Total number of alignments: 1
		One align captures most of this contig: 1 2836 | 1 2836 | 2836 2836 | 100.0 | JARFXW010000168.1 JARFXW010000168.1

CONTIG: JARFXW010000170.1 (1523bp)
Best alignment score: 1523.0 (LEN: 1523, IDY: 100.00), Total number of alignments: 1
		One align captures most of this contig: 1 1523 | 1 1523 | 1523 1523 | 100.0 | JARFXW010000170.1 JARFXW010000170.1

CONTIG: JARFXW010000018.1 (9528bp)
Best alignment score: 9528.0 (LEN: 9528, IDY: 100.00), Total number of alignments: 1
		One align captures most of this contig: 1 9528 | 1 9528 | 9528 9528 | 100.0 | JARFXW010000018.1 JARFXW010000018.1

CONTIG: JARFXW010000171.1 (1193bp)
Best alignment score: 1193.0 (LEN: 1193, IDY: 100.00), Total number of alignments: 1
		One align captures most of this contig: 1 1193 | 1 1193 | 1193 1193 | 100.0 | JARFXW010000171.1 JARFXW010000171.1

CONTIG: JARFXW010000172.1 (3161bp)
Best alignment score: 3161.0 (LEN: 3161, IDY: 100.00), Total number of alignments: 1
		One align captures most of this contig: 1 3161 | 1 3161 | 3161 3161 | 100.0 | JARFXW010000172.1 JARFXW010000172.1

CONTIG: JARFXW010000173.1 (1572bp)
Best alignment score: 1572.0 (LEN: 1572, IDY: 100.00), Total number of alignments: 1
		One align captures most of this contig: 1 1572 | 1 1572 | 1572 1572 | 100.0 | JARFXW010000173.1 JARFXW010000173.1

CONTIG: JARFXW010000174.1 (1420bp)
Best alignment score: 1420.0 (LEN: 1420, IDY: 100.00), Total number of alignments: 1
		One align captures most of this contig: 1 1420 | 1 1420 | 1420 1420 | 100.0 | JARFXW010000174.1 JARFXW010000174.1

CONTIG: JARFXW010000175.1 (1305bp)
Best alignment score: 1305.0 (LEN: 1305, IDY: 100.00), Total number of alignments: 1
		One align captures most of this contig: 1 1305 | 1 1305 | 1305 1305 | 100.0 | JARFXW010000175.1 JARFXW010000175.1

CONTIG: JARFXW010000176.1 (4223bp)
Best alignment score: 4223.0 (LEN: 4223, IDY: 100.00), Total number of alignments: 1
		One align captures most of this contig: 1 4223 | 1 4223 | 4223 4223 | 100.0 | JARFXW010000176.1 JARFXW010000176.1

CONTIG: JARFXW010000177.1 (8214bp)
Best alignment score: 8214.0 (LEN: 8214, IDY: 100.00), Total number of alignments: 1
		One align captures most of this contig: 1 8214 | 1 8214 | 8214 8214 | 100.0 | JARFXW010000177.1 JARFXW010000177.1

CONTIG: JARFXW010000178.1 (1615bp)
Best alignment score: 1615.0 (LEN: 1615, IDY: 100.00), Total number of alignments: 1
		One align captures most of this contig: 1 1615 | 1 1615 | 1615 1615 | 100.0 | JARFXW010000178.1 JARFXW010000178.1

CONTIG: JARFXW010000179.1 (2001bp)
Best alignment score: 2001.0 (LEN: 2001, IDY: 100.00), Total number of alignments: 1
		One align captures most of this contig: 1 2001 | 1 2001 | 2001 2001 | 100.0 | JARFXW010000179.1 JARFXW010000179.1

CONTIG: JARFXW010000180.1 (1610bp)
Best alignment score: 1610.0 (LEN: 1610, IDY: 100.00), Total number of alignments: 1
		One align captures most of this contig: 1 1610 | 1 1610 | 1610 1610 | 100.0 | JARFXW010000180.1 JARFXW010000180.1

CONTIG: JARFXW010000019.1 (4998bp)
Best alignment score: 4998.0 (LEN: 4998, IDY: 100.00), Total number of alignments: 1
		One align captures most of this contig: 1 4998 | 1 4998 | 4998 4998 | 100.0 | JARFXW010000019.1 JARFXW010000019.1

CONTIG: JARFXW010000181.1 (1148bp)
Best alignment score: 1148.0 (LEN: 1148, IDY: 100.00), Total number of alignments: 1
		One align captures most of this contig: 1 1148 | 1 1148 | 1148 1148 | 100.0 | JARFXW010000181.1 JARFXW010000181.1

CONTIG: JARFXW010000182.1 (2102bp)
Best alignment score: 2102.0 (LEN: 2102, IDY: 100.00), Total number of alignments: 1
		One align captures most of this contig: 1 2102 | 1 2102 | 2102 2102 | 100.0 | JARFXW010000182.1 JARFXW010000182.1

CONTIG: JARFXW010000183.1 (1502bp)
Best alignment score: 1502.0 (LEN: 1502, IDY: 100.00), Total number of alignments: 1
		One align captures most of this contig: 1 1502 | 1 1502 | 1502 1502 | 100.0 | JARFXW010000183.1 JARFXW010000183.1

CONTIG: JARFXW010000184.1 (2866bp)
Best alignment score: 2866.0 (LEN: 2866, IDY: 100.00), Total number of alignments: 1
		One align captures most of this contig: 1 2866 | 1 2866 | 2866 2866 | 100.0 | JARFXW010000184.1 JARFXW010000184.1

CONTIG: JARFXW010000185.1 (2091bp)
Best alignment score: 2091.0 (LEN: 2091, IDY: 100.00), Total number of alignments: 1
		One align captures most of this contig: 1 2091 | 1 2091 | 2091 2091 | 100.0 | JARFXW010000185.1 JARFXW010000185.1

CONTIG: JARFXW010000186.1 (3362bp)
Best alignment score: 3362.0 (LEN: 3362, IDY: 100.00), Total number of alignments: 1
		One align captures most of this contig: 1 3362 | 1 3362 | 3362 3362 | 100.0 | JARFXW010000186.1 JARFXW010000186.1

CONTIG: JARFXW010000187.1 (2115bp)
Best alignment score: 2115.0 (LEN: 2115, IDY: 100.00), Total number of alignments: 1
		One align captures most of this contig: 1 2115 | 1 2115 | 2115 2115 | 100.0 | JARFXW010000187.1 JARFXW010000187.1

CONTIG: JARFXW010000188.1 (1488bp)
Best alignment score: 1488.0 (LEN: 1488, IDY: 100.00), Total number of alignments: 1
		One align captures most of this contig: 1 1488 | 1 1488 | 1488 1488 | 100.0 | JARFXW010000188.1 JARFXW010000188.1

CONTIG: JARFXW010000189.1 (10984bp)
Best alignment score: 10984.0 (LEN: 10984, IDY: 100.00), Total number of alignments: 1
		One align captures most of this contig: 1 10984 | 1 10984 | 10984 10984 | 100.0 | JARFXW010000189.1 JARFXW010000189.1

CONTIG: JARFXW010000190.1 (1520bp)
Best alignment score: 1520.0 (LEN: 1520, IDY: 100.00), Total number of alignments: 1
		One align captures most of this contig: 1 1520 | 1 1520 | 1520 1520 | 100.0 | JARFXW010000190.1 JARFXW010000190.1

CONTIG: JARFXW010000020.1 (62202bp)
Best alignment score: 62202.0 (LEN: 62202, IDY: 100.00), Total number of alignments: 1
		One align captures most of this contig: 1 62202 | 1 62202 | 62202 62202 | 100.0 | JARFXW010000020.1 JARFXW010000020.1

CONTIG: JARFXW010000191.1 (1302bp)
Best alignment score: 1302.0 (LEN: 1302, IDY: 100.00), Total number of alignments: 1
		One align captures most of this contig: 1 1302 | 1 1302 | 1302 1302 | 100.0 | JARFXW010000191.1 JARFXW010000191.1

CONTIG: JARFXW010000192.1 (1633bp)
Best alignment score: 1633.0 (LEN: 1633, IDY: 100.00), Total number of alignments: 1
		One align captures most of this contig: 1 1633 | 1 1633 | 1633 1633 | 100.0 | JARFXW010000192.1 JARFXW010000192.1

CONTIG: JARFXW010000193.1 (1451bp)
Best alignment score: 1451.0 (LEN: 1451, IDY: 100.00), Total number of alignments: 1
		One align captures most of this contig: 1 1451 | 1 1451 | 1451 1451 | 100.0 | JARFXW010000193.1 JARFXW010000193.1

CONTIG: JARFXW010000194.1 (1098bp)
Best alignment score: 1098.0 (LEN: 1098, IDY: 100.00), Total number of alignments: 1
		One align captures most of this contig: 1 1098 | 1 1098 | 1098 1098 | 100.0 | JARFXW010000194.1 JARFXW010000194.1

CONTIG: JARFXW010000195.1 (1359bp)
Best alignment score: 1359.0 (LEN: 1359, IDY: 100.00), Total number of alignments: 1
		One align captures most of this contig: 1 1359 | 1 1359 | 1359 1359 | 100.0 | JARFXW010000195.1 JARFXW010000195.1

CONTIG: JARFXW010000196.1 (1898bp)
Best alignment score: 1898.0 (LEN: 1898, IDY: 100.00), Total number of alignments: 1
		One align captures most of this contig: 1 1898 | 1 1898 | 1898 1898 | 100.0 | JARFXW010000196.1 JARFXW010000196.1

CONTIG: JARFXW010000197.1 (3292bp)
Best alignment score: 3292.0 (LEN: 3292, IDY: 100.00), Total number of alignments: 1
		One align captures most of this contig: 1 3292 | 1 3292 | 3292 3292 | 100.0 | JARFXW010000197.1 JARFXW010000197.1

CONTIG: JARFXW010000198.1 (3263bp)
Best alignment score: 3263.0 (LEN: 3263, IDY: 100.00), Total number of alignments: 1
		One align captures most of this contig: 1 3263 | 1 3263 | 3263 3263 | 100.0 | JARFXW010000198.1 JARFXW010000198.1

CONTIG: JARFXW010000199.1 (16928bp)
Best alignment score: 16928.0 (LEN: 16928, IDY: 100.00), Total number of alignments: 1
		One align captures most of this contig: 1 16928 | 1 16928 | 16928 16928 | 100.0 | JARFXW010000199.1 JARFXW010000199.1

CONTIG: JARFXW010000200.1 (1205bp)
Best alignment score: 1205.0 (LEN: 1205, IDY: 100.00), Total number of alignments: 1
		One align captures most of this contig: 1 1205 | 1 1205 | 1205 1205 | 100.0 | JARFXW010000200.1 JARFXW010000200.1

CONTIG: JARFXW010000021.1 (82975bp)
Best alignment score: 82975.0 (LEN: 82975, IDY: 100.00), Total number of alignments: 1
		One align captures most of this contig: 1 82975 | 1 82975 | 82975 82975 | 100.0 | JARFXW010000021.1 JARFXW010000021.1

CONTIG: JARFXW010000201.1 (2931bp)
Best alignment score: 2931.0 (LEN: 2931, IDY: 100.00), Total number of alignments: 1
		One align captures most of this contig: 1 2931 | 1 2931 | 2931 2931 | 100.0 | JARFXW010000201.1 JARFXW010000201.1

CONTIG: JARFXW010000202.1 (1766bp)
Best alignment score: 1766.0 (LEN: 1766, IDY: 100.00), Total number of alignments: 1
		One align captures most of this contig: 1 1766 | 1 1766 | 1766 1766 | 100.0 | JARFXW010000202.1 JARFXW010000202.1

CONTIG: JARFXW010000203.1 (1517bp)
Best alignment score: 1517.0 (LEN: 1517, IDY: 100.00), Total number of alignments: 1
		One align captures most of this contig: 1 1517 | 1 1517 | 1517 1517 | 100.0 | JARFXW010000203.1 JARFXW010000203.1

CONTIG: JARFXW010000204.1 (5965bp)
Best alignment score: 5965.0 (LEN: 5965, IDY: 100.00), Total number of alignments: 1
		One align captures most of this contig: 1 5965 | 1 5965 | 5965 5965 | 100.0 | JARFXW010000204.1 JARFXW010000204.1

CONTIG: JARFXW010000205.1 (1061bp)
Best alignment score: 1061.0 (LEN: 1061, IDY: 100.00), Total number of alignments: 1
		One align captures most of this contig: 1 1061 | 1 1061 | 1061 1061 | 100.0 | JARFXW010000205.1 JARFXW010000205.1

CONTIG: JARFXW010000206.1 (14297bp)
Best alignment score: 14297.0 (LEN: 14297, IDY: 100.00), Total number of alignments: 1
		One align captures most of this contig: 1 14297 | 1 14297 | 14297 14297 | 100.0 | JARFXW010000206.1 JARFXW010000206.1

CONTIG: JARFXW010000207.1 (752bp)
Best alignment score: 752.0 (LEN: 752, IDY: 100.00), Total number of alignments: 1
		One align captures most of this contig: 1 752 | 1 752 | 752 752 | 100.0 | JARFXW010000207.1 JARFXW010000207.1

CONTIG: JARFXW010000208.1 (1004bp)
Best alignment score: 1004.0 (LEN: 1004, IDY: 100.00), Total number of alignments: 1
		One align captures most of this contig: 1 1004 | 1 1004 | 1004 1004 | 100.0 | JARFXW010000208.1 JARFXW010000208.1

CONTIG: JARFXW010000209.1 (1892bp)
Best alignment score: 1892.0 (LEN: 1892, IDY: 100.00), Total number of alignments: 1
		One align captures most of this contig: 1 1892 | 1 1892 | 1892 1892 | 100.0 | JARFXW010000209.1 JARFXW010000209.1

CONTIG: JARFXW010000210.1 (1555bp)
Best alignment score: 1555.0 (LEN: 1555, IDY: 100.00), Total number of alignments: 1
		One align captures most of this contig: 1 1555 | 1 1555 | 1555 1555 | 100.0 | JARFXW010000210.1 JARFXW010000210.1

CONTIG: JARFXW010000022.1 (4192bp)
Best alignment score: 4192.0 (LEN: 4192, IDY: 100.00), Total number of alignments: 1
		One align captures most of this contig: 1 4192 | 1 4192 | 4192 4192 | 100.0 | JARFXW010000022.1 JARFXW010000022.1

CONTIG: JARFXW010000211.1 (1772bp)
Best alignment score: 1772.0 (LEN: 1772, IDY: 100.00), Total number of alignments: 1
		One align captures most of this contig: 1 1772 | 1 1772 | 1772 1772 | 100.0 | JARFXW010000211.1 JARFXW010000211.1

CONTIG: JARFXW010000212.1 (1214bp)
Best alignment score: 1214.0 (LEN: 1214, IDY: 100.00), Total number of alignments: 1
		One align captures most of this contig: 1 1214 | 1 1214 | 1214 1214 | 100.0 | JARFXW010000212.1 JARFXW010000212.1

CONTIG: JARFXW010000213.1 (1199bp)
Best alignment score: 1199.0 (LEN: 1199, IDY: 100.00), Total number of alignments: 1
		One align captures most of this contig: 1 1199 | 1 1199 | 1199 1199 | 100.0 | JARFXW010000213.1 JARFXW010000213.1

CONTIG: JARFXW010000214.1 (1073bp)
Best alignment score: 1073.0 (LEN: 1073, IDY: 100.00), Total number of alignments: 1
		One align captures most of this contig: 1 1073 | 1 1073 | 1073 1073 | 100.0 | JARFXW010000214.1 JARFXW010000214.1

CONTIG: JARFXW010000215.1 (5024bp)
Best alignment score: 5024.0 (LEN: 5024, IDY: 100.00), Total number of alignments: 1
		One align captures most of this contig: 1 5024 | 1 5024 | 5024 5024 | 100.0 | JARFXW010000215.1 JARFXW010000215.1

CONTIG: JARFXW010000216.1 (1825bp)
Best alignment score: 1825.0 (LEN: 1825, IDY: 100.00), Total number of alignments: 1
		One align captures most of this contig: 1 1825 | 1 1825 | 1825 1825 | 100.0 | JARFXW010000216.1 JARFXW010000216.1

CONTIG: JARFXW010000217.1 (1339bp)
Best alignment score: 1339.0 (LEN: 1339, IDY: 100.00), Total number of alignments: 1
		One align captures most of this contig: 1 1339 | 1 1339 | 1339 1339 | 100.0 | JARFXW010000217.1 JARFXW010000217.1

CONTIG: JARFXW010000218.1 (1722bp)
Best alignment score: 1722.0 (LEN: 1722, IDY: 100.00), Total number of alignments: 1
		One align captures most of this contig: 1 1722 | 1 1722 | 1722 1722 | 100.0 | JARFXW010000218.1 JARFXW010000218.1

CONTIG: JARFXW010000219.1 (2374bp)
Best alignment score: 2374.0 (LEN: 2374, IDY: 100.00), Total number of alignments: 1
		One align captures most of this contig: 1 2374 | 1 2374 | 2374 2374 | 100.0 | JARFXW010000219.1 JARFXW010000219.1

CONTIG: JARFXW010000220.1 (2003bp)
Best alignment score: 2003.0 (LEN: 2003, IDY: 100.00), Total number of alignments: 1
		One align captures most of this contig: 1 2003 | 1 2003 | 2003 2003 | 100.0 | JARFXW010000220.1 JARFXW010000220.1

CONTIG: JARFXW010000023.1 (24128bp)
Best alignment score: 24128.0 (LEN: 24128, IDY: 100.00), Total number of alignments: 1
		One align captures most of this contig: 1 24128 | 1 24128 | 24128 24128 | 100.0 | JARFXW010000023.1 JARFXW010000023.1

CONTIG: JARFXW010000221.1 (1185bp)
Best alignment score: 1185.0 (LEN: 1185, IDY: 100.00), Total number of alignments: 1
		One align captures most of this contig: 1 1185 | 1 1185 | 1185 1185 | 100.0 | JARFXW010000221.1 JARFXW010000221.1

CONTIG: JARFXW010000222.1 (1269bp)
Best alignment score: 1269.0 (LEN: 1269, IDY: 100.00), Total number of alignments: 1
		One align captures most of this contig: 1 1269 | 1 1269 | 1269 1269 | 100.0 | JARFXW010000222.1 JARFXW010000222.1

CONTIG: JARFXW010000223.1 (1345bp)
Best alignment score: 1345.0 (LEN: 1345, IDY: 100.00), Total number of alignments: 1
		One align captures most of this contig: 1 1345 | 1 1345 | 1345 1345 | 100.0 | JARFXW010000223.1 JARFXW010000223.1

CONTIG: JARFXW010000224.1 (3358bp)
Best alignment score: 3358.0 (LEN: 3358, IDY: 100.00), Total number of alignments: 1
		One align captures most of this contig: 1 3358 | 1 3358 | 3358 3358 | 100.0 | JARFXW010000224.1 JARFXW010000224.1

CONTIG: JARFXW010000225.1 (3940bp)
Best alignment score: 3940.0 (LEN: 3940, IDY: 100.00), Total number of alignments: 1
		One align captures most of this contig: 1 3940 | 1 3940 | 3940 3940 | 100.0 | JARFXW010000225.1 JARFXW010000225.1

CONTIG: JARFXW010000226.1 (2420bp)
Best alignment score: 2420.0 (LEN: 2420, IDY: 100.00), Total number of alignments: 1
		One align captures most of this contig: 1 2420 | 1 2420 | 2420 2420 | 100.0 | JARFXW010000226.1 JARFXW010000226.1

CONTIG: JARFXW010000227.1 (116446bp)
Best alignment score: 116446.0 (LEN: 116446, IDY: 100.00), Total number of alignments: 1
		One align captures most of this contig: 1 116446 | 1 116446 | 116446 116446 | 100.0 | JARFXW010000227.1 JARFXW010000227.1

CONTIG: JARFXW010000228.1 (1268bp)
Best alignment score: 1268.0 (LEN: 1268, IDY: 100.00), Total number of alignments: 1
		One align captures most of this contig: 1 1268 | 1 1268 | 1268 1268 | 100.0 | JARFXW010000228.1 JARFXW010000228.1

CONTIG: JARFXW010000229.1 (1141bp)
Best alignment score: 1141.0 (LEN: 1141, IDY: 100.00), Total number of alignments: 1
		One align captures most of this contig: 1 1141 | 1 1141 | 1141 1141 | 100.0 | JARFXW010000229.1 JARFXW010000229.1

CONTIG: JARFXW010000230.1 (1437bp)
Best alignment score: 1437.0 (LEN: 1437, IDY: 100.00), Total number of alignments: 1
		One align captures most of this contig: 1 1437 | 1 1437 | 1437 1437 | 100.0 | JARFXW010000230.1 JARFXW010000230.1

CONTIG: JARFXW010000024.1 (12886bp)
Best alignment score: 12886.0 (LEN: 12886, IDY: 100.00), Total number of alignments: 1
		One align captures most of this contig: 1 12886 | 1 12886 | 12886 12886 | 100.0 | JARFXW010000024.1 JARFXW010000024.1

CONTIG: JARFXW010000231.1 (1154bp)
Best alignment score: 1154.0 (LEN: 1154, IDY: 100.00), Total number of alignments: 1
		One align captures most of this contig: 1 1154 | 1 1154 | 1154 1154 | 100.0 | JARFXW010000231.1 JARFXW010000231.1

CONTIG: JARFXW010000232.1 (1040bp)
Best alignment score: 1040.0 (LEN: 1040, IDY: 100.00), Total number of alignments: 1
		One align captures most of this contig: 1 1040 | 1 1040 | 1040 1040 | 100.0 | JARFXW010000232.1 JARFXW010000232.1

CONTIG: JARFXW010000233.1 (18590bp)
Best alignment score: 18590.0 (LEN: 18590, IDY: 100.00), Total number of alignments: 1
		One align captures most of this contig: 1 18590 | 1 18590 | 18590 18590 | 100.0 | JARFXW010000233.1 JARFXW010000233.1

CONTIG: JARFXW010000234.1 (5662bp)
Best alignment score: 5662.0 (LEN: 5662, IDY: 100.00), Total number of alignments: 1
		One align captures most of this contig: 1 5662 | 1 5662 | 5662 5662 | 100.0 | JARFXW010000234.1 JARFXW010000234.1

CONTIG: JARFXW010000235.1 (7678bp)
Best alignment score: 7678.0 (LEN: 7678, IDY: 100.00), Total number of alignments: 1
		One align captures most of this contig: 1 7678 | 1 7678 | 7678 7678 | 100.0 | JARFXW010000235.1 JARFXW010000235.1

CONTIG: JARFXW010000236.1 (2720bp)
Best alignment score: 2720.0 (LEN: 2720, IDY: 100.00), Total number of alignments: 1
		One align captures most of this contig: 1 2720 | 1 2720 | 2720 2720 | 100.0 | JARFXW010000236.1 JARFXW010000236.1

CONTIG: JARFXW010000237.1 (7127bp)
Best alignment score: 7127.0 (LEN: 7127, IDY: 100.00), Total number of alignments: 1
		One align captures most of this contig: 1 7127 | 1 7127 | 7127 7127 | 100.0 | JARFXW010000237.1 JARFXW010000237.1

CONTIG: JARFXW010000238.1 (1110bp)
Best alignment score: 1110.0 (LEN: 1110, IDY: 100.00), Total number of alignments: 1
		One align captures most of this contig: 1 1110 | 1 1110 | 1110 1110 | 100.0 | JARFXW010000238.1 JARFXW010000238.1

CONTIG: JARFXW010000239.1 (1491bp)
Best alignment score: 1491.0 (LEN: 1491, IDY: 100.00), Total number of alignments: 1
		One align captures most of this contig: 1 1491 | 1 1491 | 1491 1491 | 100.0 | JARFXW010000239.1 JARFXW010000239.1

CONTIG: JARFXW010000240.1 (1266bp)
Best alignment score: 1266.0 (LEN: 1266, IDY: 100.00), Total number of alignments: 1
		One align captures most of this contig: 1 1266 | 1 1266 | 1266 1266 | 100.0 | JARFXW010000240.1 JARFXW010000240.1

CONTIG: JARFXW010000025.1 (13813bp)
Best alignment score: 13813.0 (LEN: 13813, IDY: 100.00), Total number of alignments: 1
		One align captures most of this contig: 1 13813 | 1 13813 | 13813 13813 | 100.0 | JARFXW010000025.1 JARFXW010000025.1

CONTIG: JARFXW010000241.1 (4114bp)
Best alignment score: 4114.0 (LEN: 4114, IDY: 100.00), Total number of alignments: 1
		One align captures most of this contig: 1 4114 | 1 4114 | 4114 4114 | 100.0 | JARFXW010000241.1 JARFXW010000241.1

CONTIG: JARFXW010000242.1 (1471bp)
Best alignment score: 1471.0 (LEN: 1471, IDY: 100.00), Total number of alignments: 1
		One align captures most of this contig: 1 1471 | 1 1471 | 1471 1471 | 100.0 | JARFXW010000242.1 JARFXW010000242.1

CONTIG: JARFXW010000243.1 (1047bp)
Best alignment score: 1047.0 (LEN: 1047, IDY: 100.00), Total number of alignments: 1
		One align captures most of this contig: 1 1047 | 1 1047 | 1047 1047 | 100.0 | JARFXW010000243.1 JARFXW010000243.1

CONTIG: JARFXW010000244.1 (1387bp)
Best alignment score: 1387.0 (LEN: 1387, IDY: 100.00), Total number of alignments: 1
		One align captures most of this contig: 1 1387 | 1 1387 | 1387 1387 | 100.0 | JARFXW010000244.1 JARFXW010000244.1

CONTIG: JARFXW010000245.1 (1360bp)
Best alignment score: 1360.0 (LEN: 1360, IDY: 100.00), Total number of alignments: 1
		One align captures most of this contig: 1 1360 | 1 1360 | 1360 1360 | 100.0 | JARFXW010000245.1 JARFXW010000245.1

CONTIG: JARFXW010000246.1 (10001bp)
Best alignment score: 10001.0 (LEN: 10001, IDY: 100.00), Total number of alignments: 1
		One align captures most of this contig: 1 10001 | 1 10001 | 10001 10001 | 100.0 | JARFXW010000246.1 JARFXW010000246.1

CONTIG: JARFXW010000247.1 (1415bp)
Best alignment score: 1415.0 (LEN: 1415, IDY: 100.00), Total number of alignments: 1
		One align captures most of this contig: 1 1415 | 1 1415 | 1415 1415 | 100.0 | JARFXW010000247.1 JARFXW010000247.1

CONTIG: JARFXW010000248.1 (1087bp)
Best alignment score: 1087.0 (LEN: 1087, IDY: 100.00), Total number of alignments: 1
		One align captures most of this contig: 1 1087 | 1 1087 | 1087 1087 | 100.0 | JARFXW010000248.1 JARFXW010000248.1

CONTIG: JARFXW010000249.1 (1121bp)
Best alignment score: 1121.0 (LEN: 1121, IDY: 100.00), Total number of alignments: 1
		One align captures most of this contig: 1 1121 | 1 1121 | 1121 1121 | 100.0 | JARFXW010000249.1 JARFXW010000249.1

CONTIG: JARFXW010000250.1 (3642bp)
Best alignment score: 3642.0 (LEN: 3642, IDY: 100.00), Total number of alignments: 1
		One align captures most of this contig: 1 3642 | 1 3642 | 3642 3642 | 100.0 | JARFXW010000250.1 JARFXW010000250.1

CONTIG: JARFXW010000026.1 (9436bp)
Best alignment score: 9436.0 (LEN: 9436, IDY: 100.00), Total number of alignments: 1
		One align captures most of this contig: 1 9436 | 1 9436 | 9436 9436 | 100.0 | JARFXW010000026.1 JARFXW010000026.1

CONTIG: JARFXW010000251.1 (1383bp)
Best alignment score: 1383.0 (LEN: 1383, IDY: 100.00), Total number of alignments: 1
		One align captures most of this contig: 1 1383 | 1 1383 | 1383 1383 | 100.0 | JARFXW010000251.1 JARFXW010000251.1

CONTIG: JARFXW010000252.1 (8683bp)
Best alignment score: 8683.0 (LEN: 8683, IDY: 100.00), Total number of alignments: 1
		One align captures most of this contig: 1 8683 | 1 8683 | 8683 8683 | 100.0 | JARFXW010000252.1 JARFXW010000252.1

CONTIG: JARFXW010000253.1 (2047bp)
Best alignment score: 2047.0 (LEN: 2047, IDY: 100.00), Total number of alignments: 1
		One align captures most of this contig: 1 2047 | 1 2047 | 2047 2047 | 100.0 | JARFXW010000253.1 JARFXW010000253.1

CONTIG: JARFXW010000254.1 (2019bp)
Best alignment score: 2019.0 (LEN: 2019, IDY: 100.00), Total number of alignments: 1
		One align captures most of this contig: 1 2019 | 1 2019 | 2019 2019 | 100.0 | JARFXW010000254.1 JARFXW010000254.1

CONTIG: JARFXW010000255.1 (1019bp)
Best alignment score: 1019.0 (LEN: 1019, IDY: 100.00), Total number of alignments: 1
		One align captures most of this contig: 1 1019 | 1 1019 | 1019 1019 | 100.0 | JARFXW010000255.1 JARFXW010000255.1

CONTIG: JARFXW010000256.1 (1352bp)
Best alignment score: 1352.0 (LEN: 1352, IDY: 100.00), Total number of alignments: 1
		One align captures most of this contig: 1 1352 | 1 1352 | 1352 1352 | 100.0 | JARFXW010000256.1 JARFXW010000256.1

CONTIG: JARFXW010000257.1 (2013bp)
Best alignment score: 2013.0 (LEN: 2013, IDY: 100.00), Total number of alignments: 1
		One align captures most of this contig: 1 2013 | 1 2013 | 2013 2013 | 100.0 | JARFXW010000257.1 JARFXW010000257.1

CONTIG: JARFXW010000258.1 (2264bp)
Best alignment score: 2264.0 (LEN: 2264, IDY: 100.00), Total number of alignments: 1
		One align captures most of this contig: 1 2264 | 1 2264 | 2264 2264 | 100.0 | JARFXW010000258.1 JARFXW010000258.1

CONTIG: JARFXW010000259.1 (3559bp)
Best alignment score: 3559.0 (LEN: 3559, IDY: 100.00), Total number of alignments: 1
		One align captures most of this contig: 1 3559 | 1 3559 | 3559 3559 | 100.0 | JARFXW010000259.1 JARFXW010000259.1

CONTIG: JARFXW010000260.1 (4164bp)
Best alignment score: 4164.0 (LEN: 4164, IDY: 100.00), Total number of alignments: 1
		One align captures most of this contig: 1 4164 | 1 4164 | 4164 4164 | 100.0 | JARFXW010000260.1 JARFXW010000260.1

CONTIG: JARFXW010000027.1 (5562bp)
Best alignment score: 5562.0 (LEN: 5562, IDY: 100.00), Total number of alignments: 1
		One align captures most of this contig: 1 5562 | 1 5562 | 5562 5562 | 100.0 | JARFXW010000027.1 JARFXW010000027.1

CONTIG: JARFXW010000261.1 (1496bp)
Best alignment score: 1496.0 (LEN: 1496, IDY: 100.00), Total number of alignments: 1
		One align captures most of this contig: 1 1496 | 1 1496 | 1496 1496 | 100.0 | JARFXW010000261.1 JARFXW010000261.1

CONTIG: JARFXW010000262.1 (1246bp)
Best alignment score: 1246.0 (LEN: 1246, IDY: 100.00), Total number of alignments: 1
		One align captures most of this contig: 1 1246 | 1 1246 | 1246 1246 | 100.0 | JARFXW010000262.1 JARFXW010000262.1

CONTIG: JARFXW010000263.1 (2096bp)
Best alignment score: 2096.0 (LEN: 2096, IDY: 100.00), Total number of alignments: 1
		One align captures most of this contig: 1 2096 | 1 2096 | 2096 2096 | 100.0 | JARFXW010000263.1 JARFXW010000263.1

CONTIG: JARFXW010000264.1 (10304bp)
Best alignment score: 10304.0 (LEN: 10304, IDY: 100.00), Total number of alignments: 1
		One align captures most of this contig: 1 10304 | 1 10304 | 10304 10304 | 100.0 | JARFXW010000264.1 JARFXW010000264.1

CONTIG: JARFXW010000265.1 (1906bp)
Best alignment score: 1906.0 (LEN: 1906, IDY: 100.00), Total number of alignments: 1
		One align captures most of this contig: 1 1906 | 1 1906 | 1906 1906 | 100.0 | JARFXW010000265.1 JARFXW010000265.1

CONTIG: JARFXW010000266.1 (1838bp)
Best alignment score: 1838.0 (LEN: 1838, IDY: 100.00), Total number of alignments: 1
		One align captures most of this contig: 1 1838 | 1 1838 | 1838 1838 | 100.0 | JARFXW010000266.1 JARFXW010000266.1

CONTIG: JARFXW010000267.1 (2239bp)
Best alignment score: 2239.0 (LEN: 2239, IDY: 100.00), Total number of alignments: 1
		One align captures most of this contig: 1 2239 | 1 2239 | 2239 2239 | 100.0 | JARFXW010000267.1 JARFXW010000267.1

CONTIG: JARFXW010000268.1 (1139bp)
Best alignment score: 1139.0 (LEN: 1139, IDY: 100.00), Total number of alignments: 1
		One align captures most of this contig: 1 1139 | 1 1139 | 1139 1139 | 100.0 | JARFXW010000268.1 JARFXW010000268.1

CONTIG: JARFXW010000269.1 (2097bp)
Best alignment score: 2097.0 (LEN: 2097, IDY: 100.00), Total number of alignments: 1
		One align captures most of this contig: 1 2097 | 1 2097 | 2097 2097 | 100.0 | JARFXW010000269.1 JARFXW010000269.1

CONTIG: JARFXW010000270.1 (1414bp)
Best alignment score: 1414.0 (LEN: 1414, IDY: 100.00), Total number of alignments: 1
		One align captures most of this contig: 1 1414 | 1 1414 | 1414 1414 | 100.0 | JARFXW010000270.1 JARFXW010000270.1

CONTIG: JARFXW010000028.1 (20112bp)
Best alignment score: 20112.0 (LEN: 20112, IDY: 100.00), Total number of alignments: 1
		One align captures most of this contig: 1 20112 | 1 20112 | 20112 20112 | 100.0 | JARFXW010000028.1 JARFXW010000028.1

CONTIG: JARFXW010000271.1 (1232bp)
Best alignment score: 1232.0 (LEN: 1232, IDY: 100.00), Total number of alignments: 1
		One align captures most of this contig: 1 1232 | 1 1232 | 1232 1232 | 100.0 | JARFXW010000271.1 JARFXW010000271.1

CONTIG: JARFXW010000272.1 (1021bp)
Best alignment score: 1021.0 (LEN: 1021, IDY: 100.00), Total number of alignments: 1
		One align captures most of this contig: 1 1021 | 1 1021 | 1021 1021 | 100.0 | JARFXW010000272.1 JARFXW010000272.1

CONTIG: JARFXW010000273.1 (2760bp)
Best alignment score: 2760.0 (LEN: 2760, IDY: 100.00), Total number of alignments: 1
		One align captures most of this contig: 1 2760 | 1 2760 | 2760 2760 | 100.0 | JARFXW010000273.1 JARFXW010000273.1

CONTIG: JARFXW010000274.1 (1033bp)
Best alignment score: 1033.0 (LEN: 1033, IDY: 100.00), Total number of alignments: 1
		One align captures most of this contig: 1 1033 | 1 1033 | 1033 1033 | 100.0 | JARFXW010000274.1 JARFXW010000274.1

CONTIG: JARFXW010000275.1 (1401bp)
Best alignment score: 1401.0 (LEN: 1401, IDY: 100.00), Total number of alignments: 1
		One align captures most of this contig: 1 1401 | 1 1401 | 1401 1401 | 100.0 | JARFXW010000275.1 JARFXW010000275.1

CONTIG: JARFXW010000276.1 (1200bp)
Best alignment score: 1200.0 (LEN: 1200, IDY: 100.00), Total number of alignments: 1
		One align captures most of this contig: 1 1200 | 1 1200 | 1200 1200 | 100.0 | JARFXW010000276.1 JARFXW010000276.1

CONTIG: JARFXW010000277.1 (1339bp)
Best alignment score: 1339.0 (LEN: 1339, IDY: 100.00), Total number of alignments: 1
		One align captures most of this contig: 1 1339 | 1 1339 | 1339 1339 | 100.0 | JARFXW010000277.1 JARFXW010000277.1

CONTIG: JARFXW010000278.1 (1321bp)
Best alignment score: 1321.0 (LEN: 1321, IDY: 100.00), Total number of alignments: 1
		One align captures most of this contig: 1 1321 | 1 1321 | 1321 1321 | 100.0 | JARFXW010000278.1 JARFXW010000278.1

CONTIG: JARFXW010000279.1 (24914bp)
Best alignment score: 24914.0 (LEN: 24914, IDY: 100.00), Total number of alignments: 1
		One align captures most of this contig: 1 24914 | 1 24914 | 24914 24914 | 100.0 | JARFXW010000279.1 JARFXW010000279.1

CONTIG: JARFXW010000280.1 (8408bp)
Best alignment score: 8408.0 (LEN: 8408, IDY: 100.00), Total number of alignments: 1
		One align captures most of this contig: 1 8408 | 1 8408 | 8408 8408 | 100.0 | JARFXW010000280.1 JARFXW010000280.1

CONTIG: JARFXW010000029.1 (34915bp)
Best alignment score: 34915.0 (LEN: 34915, IDY: 100.00), Total number of alignments: 1
		One align captures most of this contig: 1 34915 | 1 34915 | 34915 34915 | 100.0 | JARFXW010000029.1 JARFXW010000029.1

CONTIG: JARFXW010000281.1 (1422bp)
Best alignment score: 1422.0 (LEN: 1422, IDY: 100.00), Total number of alignments: 1
		One align captures most of this contig: 1 1422 | 1 1422 | 1422 1422 | 100.0 | JARFXW010000281.1 JARFXW010000281.1

CONTIG: JARFXW010000282.1 (1464bp)
Best alignment score: 1464.0 (LEN: 1464, IDY: 100.00), Total number of alignments: 1
		One align captures most of this contig: 1 1464 | 1 1464 | 1464 1464 | 100.0 | JARFXW010000282.1 JARFXW010000282.1

CONTIG: JARFXW010000283.1 (1787bp)
Best alignment score: 1787.0 (LEN: 1787, IDY: 100.00), Total number of alignments: 1
		One align captures most of this contig: 1 1787 | 1 1787 | 1787 1787 | 100.0 | JARFXW010000283.1 JARFXW010000283.1

CONTIG: JARFXW010000284.1 (1537bp)
Best alignment score: 1537.0 (LEN: 1537, IDY: 100.00), Total number of alignments: 1
		One align captures most of this contig: 1 1537 | 1 1537 | 1537 1537 | 100.0 | JARFXW010000284.1 JARFXW010000284.1

CONTIG: JARFXW010000285.1 (1206bp)
Best alignment score: 1206.0 (LEN: 1206, IDY: 100.00), Total number of alignments: 1
		One align captures most of this contig: 1 1206 | 1 1206 | 1206 1206 | 100.0 | JARFXW010000285.1 JARFXW010000285.1

CONTIG: JARFXW010000286.1 (1106bp)
Best alignment score: 1106.0 (LEN: 1106, IDY: 100.00), Total number of alignments: 1
		One align captures most of this contig: 1 1106 | 1 1106 | 1106 1106 | 100.0 | JARFXW010000286.1 JARFXW010000286.1

CONTIG: JARFXW010000287.1 (2000bp)
Best alignment score: 2000.0 (LEN: 2000, IDY: 100.00), Total number of alignments: 1
		One align captures most of this contig: 1 2000 | 1 2000 | 2000 2000 | 100.0 | JARFXW010000287.1 JARFXW010000287.1

CONTIG: JARFXW010000288.1 (2217bp)
Best alignment score: 2217.0 (LEN: 2217, IDY: 100.00), Total number of alignments: 1
		One align captures most of this contig: 1 2217 | 1 2217 | 2217 2217 | 100.0 | JARFXW010000288.1 JARFXW010000288.1

CONTIG: JARFXW010000289.1 (5093bp)
Best alignment score: 5093.0 (LEN: 5093, IDY: 100.00), Total number of alignments: 1
		One align captures most of this contig: 1 5093 | 1 5093 | 5093 5093 | 100.0 | JARFXW010000289.1 JARFXW010000289.1

CONTIG: JARFXW010000290.1 (3971bp)
Best alignment score: 3971.0 (LEN: 3971, IDY: 100.00), Total number of alignments: 1
		One align captures most of this contig: 1 3971 | 1 3971 | 3971 3971 | 100.0 | JARFXW010000290.1 JARFXW010000290.1

CONTIG: JARFXW010000030.1 (55074bp)
Best alignment score: 55074.0 (LEN: 55074, IDY: 100.00), Total number of alignments: 1
		One align captures most of this contig: 1 55074 | 1 55074 | 55074 55074 | 100.0 | JARFXW010000030.1 JARFXW010000030.1

CONTIG: JARFXW010000291.1 (2864bp)
Best alignment score: 2864.0 (LEN: 2864, IDY: 100.00), Total number of alignments: 1
		One align captures most of this contig: 1 2864 | 1 2864 | 2864 2864 | 100.0 | JARFXW010000291.1 JARFXW010000291.1

CONTIG: JARFXW010000292.1 (4346bp)
Best alignment score: 4346.0 (LEN: 4346, IDY: 100.00), Total number of alignments: 1
		One align captures most of this contig: 1 4346 | 1 4346 | 4346 4346 | 100.0 | JARFXW010000292.1 JARFXW010000292.1

CONTIG: JARFXW010000293.1 (1279bp)
Best alignment score: 1279.0 (LEN: 1279, IDY: 100.00), Total number of alignments: 1
		One align captures most of this contig: 1 1279 | 1 1279 | 1279 1279 | 100.0 | JARFXW010000293.1 JARFXW010000293.1

CONTIG: JARFXW010000294.1 (2215bp)
Best alignment score: 2215.0 (LEN: 2215, IDY: 100.00), Total number of alignments: 1
		One align captures most of this contig: 1 2215 | 1 2215 | 2215 2215 | 100.0 | JARFXW010000294.1 JARFXW010000294.1

CONTIG: JARFXW010000295.1 (1669bp)
Best alignment score: 1669.0 (LEN: 1669, IDY: 100.00), Total number of alignments: 1
		One align captures most of this contig: 1 1669 | 1 1669 | 1669 1669 | 100.0 | JARFXW010000295.1 JARFXW010000295.1

CONTIG: JARFXW010000296.1 (1526bp)
Best alignment score: 1526.0 (LEN: 1526, IDY: 100.00), Total number of alignments: 1
		One align captures most of this contig: 1 1526 | 1 1526 | 1526 1526 | 100.0 | JARFXW010000296.1 JARFXW010000296.1

CONTIG: JARFXW010000297.1 (1415bp)
Best alignment score: 1415.0 (LEN: 1415, IDY: 100.00), Total number of alignments: 1
		One align captures most of this contig: 1 1415 | 1 1415 | 1415 1415 | 100.0 | JARFXW010000297.1 JARFXW010000297.1

CONTIG: JARFXW010000298.1 (1806bp)
Best alignment score: 1806.0 (LEN: 1806, IDY: 100.00), Total number of alignments: 1
		One align captures most of this contig: 1 1806 | 1 1806 | 1806 1806 | 100.0 | JARFXW010000298.1 JARFXW010000298.1

CONTIG: JARFXW010000299.1 (1233bp)
Best alignment score: 1233.0 (LEN: 1233, IDY: 100.00), Total number of alignments: 1
		One align captures most of this contig: 1 1233 | 1 1233 | 1233 1233 | 100.0 | JARFXW010000299.1 JARFXW010000299.1

CONTIG: JARFXW010000300.1 (1370bp)
Best alignment score: 1370.0 (LEN: 1370, IDY: 100.00), Total number of alignments: 1
		One align captures most of this contig: 1 1370 | 1 1370 | 1370 1370 | 100.0 | JARFXW010000300.1 JARFXW010000300.1

CONTIG: JARFXW010000031.1 (46685bp)
Best alignment score: 46685.0 (LEN: 46685, IDY: 100.00), Total number of alignments: 1
		One align captures most of this contig: 1 46685 | 1 46685 | 46685 46685 | 100.0 | JARFXW010000031.1 JARFXW010000031.1

CONTIG: JARFXW010000301.1 (3055bp)
Best alignment score: 3055.0 (LEN: 3055, IDY: 100.00), Total number of alignments: 1
		One align captures most of this contig: 1 3055 | 1 3055 | 3055 3055 | 100.0 | JARFXW010000301.1 JARFXW010000301.1

CONTIG: JARFXW010000302.1 (1007bp)
Best alignment score: 1007.0 (LEN: 1007, IDY: 100.00), Total number of alignments: 1
		One align captures most of this contig: 1 1007 | 1 1007 | 1007 1007 | 100.0 | JARFXW010000302.1 JARFXW010000302.1

CONTIG: JARFXW010000303.1 (2014bp)
Best alignment score: 2014.0 (LEN: 2014, IDY: 100.00), Total number of alignments: 1
		One align captures most of this contig: 1 2014 | 1 2014 | 2014 2014 | 100.0 | JARFXW010000303.1 JARFXW010000303.1

CONTIG: JARFXW010000304.1 (1873bp)
Best alignment score: 1873.0 (LEN: 1873, IDY: 100.00), Total number of alignments: 1
		One align captures most of this contig: 1 1873 | 1 1873 | 1873 1873 | 100.0 | JARFXW010000304.1 JARFXW010000304.1

CONTIG: JARFXW010000305.1 (1933bp)
Best alignment score: 1933.0 (LEN: 1933, IDY: 100.00), Total number of alignments: 1
		One align captures most of this contig: 1 1933 | 1 1933 | 1933 1933 | 100.0 | JARFXW010000305.1 JARFXW010000305.1

CONTIG: JARFXW010000306.1 (1889bp)
Best alignment score: 1889.0 (LEN: 1889, IDY: 100.00), Total number of alignments: 1
		One align captures most of this contig: 1 1889 | 1 1889 | 1889 1889 | 100.0 | JARFXW010000306.1 JARFXW010000306.1

CONTIG: JARFXW010000307.1 (4522bp)
Best alignment score: 4522.0 (LEN: 4522, IDY: 100.00), Total number of alignments: 1
		One align captures most of this contig: 1 4522 | 1 4522 | 4522 4522 | 100.0 | JARFXW010000307.1 JARFXW010000307.1

CONTIG: JARFXW010000308.1 (1084bp)
Best alignment score: 1084.0 (LEN: 1084, IDY: 100.00), Total number of alignments: 1
		One align captures most of this contig: 1 1084 | 1 1084 | 1084 1084 | 100.0 | JARFXW010000308.1 JARFXW010000308.1

CONTIG: JARFXW010000309.1 (1134bp)
Best alignment score: 1134.0 (LEN: 1134, IDY: 100.00), Total number of alignments: 1
		One align captures most of this contig: 1 1134 | 1 1134 | 1134 1134 | 100.0 | JARFXW010000309.1 JARFXW010000309.1

CONTIG: JARFXW010000310.1 (3222bp)
Best alignment score: 3222.0 (LEN: 3222, IDY: 100.00), Total number of alignments: 1
		One align captures most of this contig: 1 3222 | 1 3222 | 3222 3222 | 100.0 | JARFXW010000310.1 JARFXW010000310.1

CONTIG: JARFXW010000032.1 (131513bp)
Best alignment score: 131513.0 (LEN: 131513, IDY: 100.00), Total number of alignments: 1
		One align captures most of this contig: 1 131513 | 1 131513 | 131513 131513 | 100.0 | JARFXW010000032.1 JARFXW010000032.1

CONTIG: JARFXW010000311.1 (1627bp)
Best alignment score: 1627.0 (LEN: 1627, IDY: 100.00), Total number of alignments: 1
		One align captures most of this contig: 1 1627 | 1 1627 | 1627 1627 | 100.0 | JARFXW010000311.1 JARFXW010000311.1

CONTIG: JARFXW010000312.1 (5141bp)
Best alignment score: 5141.0 (LEN: 5141, IDY: 100.00), Total number of alignments: 1
		One align captures most of this contig: 1 5141 | 1 5141 | 5141 5141 | 100.0 | JARFXW010000312.1 JARFXW010000312.1

CONTIG: JARFXW010000313.1 (1049bp)
Best alignment score: 1049.0 (LEN: 1049, IDY: 100.00), Total number of alignments: 1
		One align captures most of this contig: 1 1049 | 1 1049 | 1049 1049 | 100.0 | JARFXW010000313.1 JARFXW010000313.1

CONTIG: JARFXW010000314.1 (3170bp)
Best alignment score: 3170.0 (LEN: 3170, IDY: 100.00), Total number of alignments: 1
		One align captures most of this contig: 1 3170 | 1 3170 | 3170 3170 | 100.0 | JARFXW010000314.1 JARFXW010000314.1

CONTIG: JARFXW010000315.1 (3113bp)
Best alignment score: 3113.0 (LEN: 3113, IDY: 100.00), Total number of alignments: 1
		One align captures most of this contig: 1 3113 | 1 3113 | 3113 3113 | 100.0 | JARFXW010000315.1 JARFXW010000315.1

CONTIG: JARFXW010000316.1 (1483bp)
Best alignment score: 1483.0 (LEN: 1483, IDY: 100.00), Total number of alignments: 1
		One align captures most of this contig: 1 1483 | 1 1483 | 1483 1483 | 100.0 | JARFXW010000316.1 JARFXW010000316.1

CONTIG: JARFXW010000317.1 (1073bp)
Best alignment score: 1073.0 (LEN: 1073, IDY: 100.00), Total number of alignments: 1
		One align captures most of this contig: 1 1073 | 1 1073 | 1073 1073 | 100.0 | JARFXW010000317.1 JARFXW010000317.1

CONTIG: JARFXW010000318.1 (5831bp)
Best alignment score: 5831.0 (LEN: 5831, IDY: 100.00), Total number of alignments: 1
		One align captures most of this contig: 1 5831 | 1 5831 | 5831 5831 | 100.0 | JARFXW010000318.1 JARFXW010000318.1

CONTIG: JARFXW010000319.1 (1148bp)
Best alignment score: 1148.0 (LEN: 1148, IDY: 100.00), Total number of alignments: 1
		One align captures most of this contig: 1 1148 | 1 1148 | 1148 1148 | 100.0 | JARFXW010000319.1 JARFXW010000319.1

CONTIG: JARFXW010000320.1 (1298bp)
Best alignment score: 1298.0 (LEN: 1298, IDY: 100.00), Total number of alignments: 1
		One align captures most of this contig: 1 1298 | 1 1298 | 1298 1298 | 100.0 | JARFXW010000320.1 JARFXW010000320.1

CONTIG: JARFXW010000033.1 (2368bp)
Best alignment score: 2368.0 (LEN: 2368, IDY: 100.00), Total number of alignments: 1
		One align captures most of this contig: 1 2368 | 1 2368 | 2368 2368 | 100.0 | JARFXW010000033.1 JARFXW010000033.1

CONTIG: JARFXW010000321.1 (11203bp)
Best alignment score: 11203.0 (LEN: 11203, IDY: 100.00), Total number of alignments: 1
		One align captures most of this contig: 1 11203 | 1 11203 | 11203 11203 | 100.0 | JARFXW010000321.1 JARFXW010000321.1

CONTIG: JARFXW010000322.1 (6110bp)
Best alignment score: 6110.0 (LEN: 6110, IDY: 100.00), Total number of alignments: 1
		One align captures most of this contig: 1 6110 | 1 6110 | 6110 6110 | 100.0 | JARFXW010000322.1 JARFXW010000322.1

CONTIG: JARFXW010000323.1 (1042bp)
Best alignment score: 1042.0 (LEN: 1042, IDY: 100.00), Total number of alignments: 1
		One align captures most of this contig: 1 1042 | 1 1042 | 1042 1042 | 100.0 | JARFXW010000323.1 JARFXW010000323.1

CONTIG: JARFXW010000324.1 (2095bp)
Best alignment score: 2095.0 (LEN: 2095, IDY: 100.00), Total number of alignments: 1
		One align captures most of this contig: 1 2095 | 1 2095 | 2095 2095 | 100.0 | JARFXW010000324.1 JARFXW010000324.1

CONTIG: JARFXW010000325.1 (1391bp)
Best alignment score: 1391.0 (LEN: 1391, IDY: 100.00), Total number of alignments: 1
		One align captures most of this contig: 1 1391 | 1 1391 | 1391 1391 | 100.0 | JARFXW010000325.1 JARFXW010000325.1

CONTIG: JARFXW010000326.1 (5530bp)
Best alignment score: 5530.0 (LEN: 5530, IDY: 100.00), Total number of alignments: 1
		One align captures most of this contig: 1 5530 | 1 5530 | 5530 5530 | 100.0 | JARFXW010000326.1 JARFXW010000326.1

CONTIG: JARFXW010000327.1 (5269bp)
Best alignment score: 5269.0 (LEN: 5269, IDY: 100.00), Total number of alignments: 1
		One align captures most of this contig: 1 5269 | 1 5269 | 5269 5269 | 100.0 | JARFXW010000327.1 JARFXW010000327.1

CONTIG: JARFXW010000328.1 (3852bp)
Best alignment score: 3852.0 (LEN: 3852, IDY: 100.00), Total number of alignments: 1
		One align captures most of this contig: 1 3852 | 1 3852 | 3852 3852 | 100.0 | JARFXW010000328.1 JARFXW010000328.1

CONTIG: JARFXW010000329.1 (1851bp)
Best alignment score: 1851.0 (LEN: 1851, IDY: 100.00), Total number of alignments: 1
		One align captures most of this contig: 1 1851 | 1 1851 | 1851 1851 | 100.0 | JARFXW010000329.1 JARFXW010000329.1

CONTIG: JARFXW010000330.1 (1429bp)
Best alignment score: 1429.0 (LEN: 1429, IDY: 100.00), Total number of alignments: 1
		One align captures most of this contig: 1 1429 | 1 1429 | 1429 1429 | 100.0 | JARFXW010000330.1 JARFXW010000330.1

CONTIG: JARFXW010000034.1 (60445bp)
Best alignment score: 60445.0 (LEN: 60445, IDY: 100.00), Total number of alignments: 1
		One align captures most of this contig: 1 60445 | 1 60445 | 60445 60445 | 100.0 | JARFXW010000034.1 JARFXW010000034.1

CONTIG: JARFXW010000331.1 (1055bp)
Best alignment score: 1055.0 (LEN: 1055, IDY: 100.00), Total number of alignments: 1
		One align captures most of this contig: 1 1055 | 1 1055 | 1055 1055 | 100.0 | JARFXW010000331.1 JARFXW010000331.1

CONTIG: JARFXW010000332.1 (1371bp)
Best alignment score: 1371.0 (LEN: 1371, IDY: 100.00), Total number of alignments: 1
		One align captures most of this contig: 1 1371 | 1 1371 | 1371 1371 | 100.0 | JARFXW010000332.1 JARFXW010000332.1

CONTIG: JARFXW010000333.1 (5835bp)
Best alignment score: 5835.0 (LEN: 5835, IDY: 100.00), Total number of alignments: 1
		One align captures most of this contig: 1 5835 | 1 5835 | 5835 5835 | 100.0 | JARFXW010000333.1 JARFXW010000333.1

CONTIG: JARFXW010000334.1 (4436bp)
Best alignment score: 4436.0 (LEN: 4436, IDY: 100.00), Total number of alignments: 1
		One align captures most of this contig: 1 4436 | 1 4436 | 4436 4436 | 100.0 | JARFXW010000334.1 JARFXW010000334.1

CONTIG: JARFXW010000335.1 (8105bp)
Best alignment score: 8105.0 (LEN: 8105, IDY: 100.00), Total number of alignments: 1
		One align captures most of this contig: 1 8105 | 1 8105 | 8105 8105 | 100.0 | JARFXW010000335.1 JARFXW010000335.1

CONTIG: JARFXW010000336.1 (1004bp)
Best alignment score: 1004.0 (LEN: 1004, IDY: 100.00), Total number of alignments: 1
		One align captures most of this contig: 1 1004 | 1 1004 | 1004 1004 | 100.0 | JARFXW010000336.1 JARFXW010000336.1

CONTIG: JARFXW010000337.1 (1131bp)
Best alignment score: 1131.0 (LEN: 1131, IDY: 100.00), Total number of alignments: 1
		One align captures most of this contig: 1 1131 | 1 1131 | 1131 1131 | 100.0 | JARFXW010000337.1 JARFXW010000337.1

CONTIG: JARFXW010000338.1 (1491bp)
Best alignment score: 1491.0 (LEN: 1491, IDY: 100.00), Total number of alignments: 1
		One align captures most of this contig: 1 1491 | 1 1491 | 1491 1491 | 100.0 | JARFXW010000338.1 JARFXW010000338.1

CONTIG: JARFXW010000339.1 (1146bp)
Best alignment score: 1146.0 (LEN: 1146, IDY: 100.00), Total number of alignments: 1
		One align captures most of this contig: 1 1146 | 1 1146 | 1146 1146 | 100.0 | JARFXW010000339.1 JARFXW010000339.1

CONTIG: JARFXW010000340.1 (1154bp)
Best alignment score: 1154.0 (LEN: 1154, IDY: 100.00), Total number of alignments: 1
		One align captures most of this contig: 1 1154 | 1 1154 | 1154 1154 | 100.0 | JARFXW010000340.1 JARFXW010000340.1

CONTIG: JARFXW010000035.1 (11683bp)
Best alignment score: 11683.0 (LEN: 11683, IDY: 100.00), Total number of alignments: 1
		One align captures most of this contig: 1 11683 | 1 11683 | 11683 11683 | 100.0 | JARFXW010000035.1 JARFXW010000035.1

CONTIG: JARFXW010000036.1 (24660bp)
Best alignment score: 24660.0 (LEN: 24660, IDY: 100.00), Total number of alignments: 1
		One align captures most of this contig: 1 24660 | 1 24660 | 24660 24660 | 100.0 | JARFXW010000036.1 JARFXW010000036.1

CONTIG: JARFXW010000037.1 (34134bp)
Best alignment score: 34134.0 (LEN: 34134, IDY: 100.00), Total number of alignments: 1
		One align captures most of this contig: 1 34134 | 1 34134 | 34134 34134 | 100.0 | JARFXW010000037.1 JARFXW010000037.1

CONTIG: JARFXW010000038.1 (32631bp)
Best alignment score: 32631.0 (LEN: 32631, IDY: 100.00), Total number of alignments: 1
		One align captures most of this contig: 1 32631 | 1 32631 | 32631 32631 | 100.0 | JARFXW010000038.1 JARFXW010000038.1

CONTIG: JARFXW010000039.1 (52111bp)
Best alignment score: 52111.0 (LEN: 52111, IDY: 100.00), Total number of alignments: 1
		One align captures most of this contig: 1 52111 | 1 52111 | 52111 52111 | 100.0 | JARFXW010000039.1 JARFXW010000039.1

CONTIG: JARFXW010000040.1 (43404bp)
Best alignment score: 43404.0 (LEN: 43404, IDY: 100.00), Total number of alignments: 1
		One align captures most of this contig: 1 43404 | 1 43404 | 43404 43404 | 100.0 | JARFXW010000040.1 JARFXW010000040.1

CONTIG: JARFXW010000041.1 (46831bp)
Best alignment score: 46831.0 (LEN: 46831, IDY: 100.00), Total number of alignments: 1
		One align captures most of this contig: 1 46831 | 1 46831 | 46831 46831 | 100.0 | JARFXW010000041.1 JARFXW010000041.1

CONTIG: JARFXW010000042.1 (7568bp)
Best alignment score: 7568.0 (LEN: 7568, IDY: 100.00), Total number of alignments: 1
		One align captures most of this contig: 1 7568 | 1 7568 | 7568 7568 | 100.0 | JARFXW010000042.1 JARFXW010000042.1

CONTIG: JARFXW010000043.1 (42033bp)
Best alignment score: 42033.0 (LEN: 42033, IDY: 100.00), Total number of alignments: 1
		One align captures most of this contig: 1 42033 | 1 42033 | 42033 42033 | 100.0 | JARFXW010000043.1 JARFXW010000043.1

CONTIG: JARFXW010000044.1 (6658bp)
Best alignment score: 6658.0 (LEN: 6658, IDY: 100.00), Total number of alignments: 1
		One align captures most of this contig: 1 6658 | 1 6658 | 6658 6658 | 100.0 | JARFXW010000044.1 JARFXW010000044.1

CONTIG: JARFXW010000045.1 (34226bp)
Best alignment score: 34226.0 (LEN: 34226, IDY: 100.00), Total number of alignments: 1
		One align captures most of this contig: 1 34226 | 1 34226 | 34226 34226 | 100.0 | JARFXW010000045.1 JARFXW010000045.1

CONTIG: JARFXW010000046.1 (7916bp)
Best alignment score: 7916.0 (LEN: 7916, IDY: 100.00), Total number of alignments: 1
		One align captures most of this contig: 1 7916 | 1 7916 | 7916 7916 | 100.0 | JARFXW010000046.1 JARFXW010000046.1

CONTIG: JARFXW010000047.1 (21218bp)
Best alignment score: 21218.0 (LEN: 21218, IDY: 100.00), Total number of alignments: 1
		One align captures most of this contig: 1 21218 | 1 21218 | 21218 21218 | 100.0 | JARFXW010000047.1 JARFXW010000047.1

CONTIG: JARFXW010000048.1 (21978bp)
Best alignment score: 21978.0 (LEN: 21978, IDY: 100.00), Total number of alignments: 1
		One align captures most of this contig: 1 21978 | 1 21978 | 21978 21978 | 100.0 | JARFXW010000048.1 JARFXW010000048.1

CONTIG: JARFXW010000049.1 (11915bp)
Best alignment score: 11915.0 (LEN: 11915, IDY: 100.00), Total number of alignments: 1
		One align captures most of this contig: 1 11915 | 1 11915 | 11915 11915 | 100.0 | JARFXW010000049.1 JARFXW010000049.1

CONTIG: JARFXW010000050.1 (1445bp)
Best alignment score: 1445.0 (LEN: 1445, IDY: 100.00), Total number of alignments: 1
		One align captures most of this contig: 1 1445 | 1 1445 | 1445 1445 | 100.0 | JARFXW010000050.1 JARFXW010000050.1

CONTIG: JARFXW010000051.1 (9580bp)
Best alignment score: 9580.0 (LEN: 9580, IDY: 100.00), Total number of alignments: 1
		One align captures most of this contig: 1 9580 | 1 9580 | 9580 9580 | 100.0 | JARFXW010000051.1 JARFXW010000051.1

CONTIG: JARFXW010000052.1 (11394bp)
Best alignment score: 11394.0 (LEN: 11394, IDY: 100.00), Total number of alignments: 1
		One align captures most of this contig: 1 11394 | 1 11394 | 11394 11394 | 100.0 | JARFXW010000052.1 JARFXW010000052.1

CONTIG: JARFXW010000053.1 (1478bp)
Best alignment score: 1478.0 (LEN: 1478, IDY: 100.00), Total number of alignments: 1
		One align captures most of this contig: 1 1478 | 1 1478 | 1478 1478 | 100.0 | JARFXW010000053.1 JARFXW010000053.1

CONTIG: JARFXW010000054.1 (12278bp)
Best alignment score: 12278.0 (LEN: 12278, IDY: 100.00), Total number of alignments: 1
		One align captures most of this contig: 1 12278 | 1 12278 | 12278 12278 | 100.0 | JARFXW010000054.1 JARFXW010000054.1

CONTIG: JARFXW010000055.1 (17008bp)
Best alignment score: 17008.0 (LEN: 17008, IDY: 100.00), Total number of alignments: 1
		One align captures most of this contig: 1 17008 | 1 17008 | 17008 17008 | 100.0 | JARFXW010000055.1 JARFXW010000055.1

CONTIG: JARFXW010000056.1 (17753bp)
Best alignment score: 17753.0 (LEN: 17753, IDY: 100.00), Total number of alignments: 1
		One align captures most of this contig: 1 17753 | 1 17753 | 17753 17753 | 100.0 | JARFXW010000056.1 JARFXW010000056.1

CONTIG: JARFXW010000057.1 (4749bp)
Best alignment score: 4749.0 (LEN: 4749, IDY: 100.00), Total number of alignments: 1
		One align captures most of this contig: 1 4749 | 1 4749 | 4749 4749 | 100.0 | JARFXW010000057.1 JARFXW010000057.1

CONTIG: JARFXW010000058.1 (12272bp)
Best alignment score: 12272.0 (LEN: 12272, IDY: 100.00), Total number of alignments: 1
		One align captures most of this contig: 1 12272 | 1 12272 | 12272 12272 | 100.0 | JARFXW010000058.1 JARFXW010000058.1

CONTIG: JARFXW010000059.1 (3508bp)
Best alignment score: 3508.0 (LEN: 3508, IDY: 100.00), Total number of alignments: 1
		One align captures most of this contig: 1 3508 | 1 3508 | 3508 3508 | 100.0 | JARFXW010000059.1 JARFXW010000059.1

CONTIG: JARFXW010000060.1 (56081bp)
Best alignment score: 56081.0 (LEN: 56081, IDY: 100.00), Total number of alignments: 1
		One align captures most of this contig: 1 56081 | 1 56081 | 56081 56081 | 100.0 | JARFXW010000060.1 JARFXW010000060.1

CONTIG: JARFXW010000061.1 (68017bp)
Best alignment score: 68017.0 (LEN: 68017, IDY: 100.00), Total number of alignments: 1
		One align captures most of this contig: 1 68017 | 1 68017 | 68017 68017 | 100.0 | JARFXW010000061.1 JARFXW010000061.1

CONTIG: JARFXW010000062.1 (35492bp)
Best alignment score: 35492.0 (LEN: 35492, IDY: 100.00), Total number of alignments: 1
		One align captures most of this contig: 1 35492 | 1 35492 | 35492 35492 | 100.0 | JARFXW010000062.1 JARFXW010000062.1

CONTIG: JARFXW010000063.1 (2856bp)
Best alignment score: 2856.0 (LEN: 2856, IDY: 100.00), Total number of alignments: 1
		One align captures most of this contig: 1 2856 | 1 2856 | 2856 2856 | 100.0 | JARFXW010000063.1 JARFXW010000063.1

CONTIG: JARFXW010000064.1 (6867bp)
Best alignment score: 6867.0 (LEN: 6867, IDY: 100.00), Total number of alignments: 1
		One align captures most of this contig: 1 6867 | 1 6867 | 6867 6867 | 100.0 | JARFXW010000064.1 JARFXW010000064.1

CONTIG: JARFXW010000065.1 (4782bp)
Best alignment score: 4782.0 (LEN: 4782, IDY: 100.00), Total number of alignments: 1
		One align captures most of this contig: 1 4782 | 1 4782 | 4782 4782 | 100.0 | JARFXW010000065.1 JARFXW010000065.1

CONTIG: JARFXW010000066.1 (10196bp)
Best alignment score: 10196.0 (LEN: 10196, IDY: 100.00), Total number of alignments: 1
		One align captures most of this contig: 1 10196 | 1 10196 | 10196 10196 | 100.0 | JARFXW010000066.1 JARFXW010000066.1

CONTIG: JARFXW010000067.1 (3103bp)
Best alignment score: 3103.0 (LEN: 3103, IDY: 100.00), Total number of alignments: 1
		One align captures most of this contig: 1 3103 | 1 3103 | 3103 3103 | 100.0 | JARFXW010000067.1 JARFXW010000067.1

CONTIG: JARFXW010000068.1 (14296bp)
Best alignment score: 14296.0 (LEN: 14296, IDY: 100.00), Total number of alignments: 1
		One align captures most of this contig: 1 14296 | 1 14296 | 14296 14296 | 100.0 | JARFXW010000068.1 JARFXW010000068.1

CONTIG: JARFXW010000069.1 (3805bp)
Best alignment score: 3805.0 (LEN: 3805, IDY: 100.00), Total number of alignments: 1
		One align captures most of this contig: 1 3805 | 1 3805 | 3805 3805 | 100.0 | JARFXW010000069.1 JARFXW010000069.1

CONTIG: JARFXW010000070.1 (2553bp)
Best alignment score: 2553.0 (LEN: 2553, IDY: 100.00), Total number of alignments: 1
		One align captures most of this contig: 1 2553 | 1 2553 | 2553 2553 | 100.0 | JARFXW010000070.1 JARFXW010000070.1

CONTIG: JARFXW010000071.1 (1893bp)
Best alignment score: 1893.0 (LEN: 1893, IDY: 100.00), Total number of alignments: 1
		One align captures most of this contig: 1 1893 | 1 1893 | 1893 1893 | 100.0 | JARFXW010000071.1 JARFXW010000071.1

CONTIG: JARFXW010000072.1 (10506bp)
Best alignment score: 10506.0 (LEN: 10506, IDY: 100.00), Total number of alignments: 1
		One align captures most of this contig: 1 10506 | 1 10506 | 10506 10506 | 100.0 | JARFXW010000072.1 JARFXW010000072.1

CONTIG: JARFXW010000073.1 (14177bp)
Best alignment score: 14177.0 (LEN: 14177, IDY: 100.00), Total number of alignments: 1
		One align captures most of this contig: 1 14177 | 1 14177 | 14177 14177 | 100.0 | JARFXW010000073.1 JARFXW010000073.1

CONTIG: JARFXW010000074.1 (6306bp)
Best alignment score: 6306.0 (LEN: 6306, IDY: 100.00), Total number of alignments: 1
		One align captures most of this contig: 1 6306 | 1 6306 | 6306 6306 | 100.0 | JARFXW010000074.1 JARFXW010000074.1

CONTIG: JARFXW010000075.1 (4776bp)
Best alignment score: 4776.0 (LEN: 4776, IDY: 100.00), Total number of alignments: 1
		One align captures most of this contig: 1 4776 | 1 4776 | 4776 4776 | 100.0 | JARFXW010000075.1 JARFXW010000075.1

CONTIG: JARFXW010000076.1 (14750bp)
Best alignment score: 14750.0 (LEN: 14750, IDY: 100.00), Total number of alignments: 1
		One align captures most of this contig: 1 14750 | 1 14750 | 14750 14750 | 100.0 | JARFXW010000076.1 JARFXW010000076.1

CONTIG: JARFXW010000077.1 (8875bp)
Best alignment score: 8875.0 (LEN: 8875, IDY: 100.00), Total number of alignments: 1
		One align captures most of this contig: 1 8875 | 1 8875 | 8875 8875 | 100.0 | JARFXW010000077.1 JARFXW010000077.1

CONTIG: JARFXW010000078.1 (17720bp)
Best alignment score: 17720.0 (LEN: 17720, IDY: 100.00), Total number of alignments: 1
		One align captures most of this contig: 1 17720 | 1 17720 | 17720 17720 | 100.0 | JARFXW010000078.1 JARFXW010000078.1

CONTIG: JARFXW010000079.1 (8724bp)
Best alignment score: 8724.0 (LEN: 8724, IDY: 100.00), Total number of alignments: 1
		One align captures most of this contig: 1 8724 | 1 8724 | 8724 8724 | 100.0 | JARFXW010000079.1 JARFXW010000079.1

CONTIG: JARFXW010000080.1 (8367bp)
Best alignment score: 8367.0 (LEN: 8367, IDY: 100.00), Total number of alignments: 1
		One align captures most of this contig: 1 8367 | 1 8367 | 8367 8367 | 100.0 | JARFXW010000080.1 JARFXW010000080.1

CONTIG: JARFXW010000009.1 (401348bp)
Best alignment score: 401348.0 (LEN: 401348, IDY: 100.00), Total number of alignments: 1
		One align captures most of this contig: 1 401348 | 1 401348 | 401348 401348 | 100.0 | JARFXW010000009.1 JARFXW010000009.1

CONTIG: JARFXW010000081.1 (7708bp)
Best alignment score: 7708.0 (LEN: 7708, IDY: 100.00), Total number of alignments: 1
		One align captures most of this contig: 1 7708 | 1 7708 | 7708 7708 | 100.0 | JARFXW010000081.1 JARFXW010000081.1

CONTIG: JARFXW010000082.1 (2658bp)
Best alignment score: 2658.0 (LEN: 2658, IDY: 100.00), Total number of alignments: 1
		One align captures most of this contig: 1 2658 | 1 2658 | 2658 2658 | 100.0 | JARFXW010000082.1 JARFXW010000082.1

CONTIG: JARFXW010000083.1 (1162bp)
Best alignment score: 1162.0 (LEN: 1162, IDY: 100.00), Total number of alignments: 1
		One align captures most of this contig: 1 1162 | 1 1162 | 1162 1162 | 100.0 | JARFXW010000083.1 JARFXW010000083.1

CONTIG: JARFXW010000084.1 (2426bp)
Best alignment score: 2426.0 (LEN: 2426, IDY: 100.00), Total number of alignments: 1
		One align captures most of this contig: 1 2426 | 1 2426 | 2426 2426 | 100.0 | JARFXW010000084.1 JARFXW010000084.1

CONTIG: JARFXW010000085.1 (8258bp)
Best alignment score: 8258.0 (LEN: 8258, IDY: 100.00), Total number of alignments: 1
		One align captures most of this contig: 1 8258 | 1 8258 | 8258 8258 | 100.0 | JARFXW010000085.1 JARFXW010000085.1

CONTIG: JARFXW010000086.1 (7105bp)
Best alignment score: 7105.0 (LEN: 7105, IDY: 100.00), Total number of alignments: 1
		One align captures most of this contig: 1 7105 | 1 7105 | 7105 7105 | 100.0 | JARFXW010000086.1 JARFXW010000086.1

CONTIG: JARFXW010000087.1 (10859bp)
Best alignment score: 10859.0 (LEN: 10859, IDY: 100.00), Total number of alignments: 1
		One align captures most of this contig: 1 10859 | 1 10859 | 10859 10859 | 100.0 | JARFXW010000087.1 JARFXW010000087.1

CONTIG: JARFXW010000088.1 (7181bp)
Best alignment score: 7181.0 (LEN: 7181, IDY: 100.00), Total number of alignments: 1
		One align captures most of this contig: 1 7181 | 1 7181 | 7181 7181 | 100.0 | JARFXW010000088.1 JARFXW010000088.1

CONTIG: JARFXW010000089.1 (5447bp)
Best alignment score: 5447.0 (LEN: 5447, IDY: 100.00), Total number of alignments: 1
		One align captures most of this contig: 1 5447 | 1 5447 | 5447 5447 | 100.0 | JARFXW010000089.1 JARFXW010000089.1

CONTIG: JARFXW010000090.1 (2967bp)
Best alignment score: 2967.0 (LEN: 2967, IDY: 100.00), Total number of alignments: 1
		One align captures most of this contig: 1 2967 | 1 2967 | 2967 2967 | 100.0 | JARFXW010000090.1 JARFXW010000090.1

CONTIG: JARFXW010000010.1 (318626bp)
Best alignment score: 318626.0 (LEN: 318626, IDY: 100.00), Total number of alignments: 1
		One align captures most of this contig: 1 318626 | 1 318626 | 318626 318626 | 100.0 | JARFXW010000010.1 JARFXW010000010.1

CONTIG: JARFXW010000091.1 (20585bp)
Best alignment score: 20585.0 (LEN: 20585, IDY: 100.00), Total number of alignments: 1
		One align captures most of this contig: 1 20585 | 1 20585 | 20585 20585 | 100.0 | JARFXW010000091.1 JARFXW010000091.1

CONTIG: JARFXW010000092.1 (49260bp)
Best alignment score: 49260.0 (LEN: 49260, IDY: 100.00), Total number of alignments: 1
		One align captures most of this contig: 1 49260 | 1 49260 | 49260 49260 | 100.0 | JARFXW010000092.1 JARFXW010000092.1

CONTIG: JARFXW010000093.1 (6132bp)
Best alignment score: 6132.0 (LEN: 6132, IDY: 100.00), Total number of alignments: 1
		One align captures most of this contig: 1 6132 | 1 6132 | 6132 6132 | 100.0 | JARFXW010000093.1 JARFXW010000093.1

CONTIG: JARFXW010000094.1 (2689bp)
Best alignment score: 2689.0 (LEN: 2689, IDY: 100.00), Total number of alignments: 1
		One align captures most of this contig: 1 2689 | 1 2689 | 2689 2689 | 100.0 | JARFXW010000094.1 JARFXW010000094.1

CONTIG: JARFXW010000095.1 (7705bp)
Best alignment score: 7705.0 (LEN: 7705, IDY: 100.00), Total number of alignments: 1
		One align captures most of this contig: 1 7705 | 1 7705 | 7705 7705 | 100.0 | JARFXW010000095.1 JARFXW010000095.1

CONTIG: JARFXW010000096.1 (9732bp)
Best alignment score: 9732.0 (LEN: 9732, IDY: 100.00), Total number of alignments: 1
		One align captures most of this contig: 1 9732 | 1 9732 | 9732 9732 | 100.0 | JARFXW010000096.1 JARFXW010000096.1

CONTIG: JARFXW010000097.1 (5612bp)
Best alignment score: 5612.0 (LEN: 5612, IDY: 100.00), Total number of alignments: 1
		One align captures most of this contig: 1 5612 | 1 5612 | 5612 5612 | 100.0 | JARFXW010000097.1 JARFXW010000097.1

CONTIG: JARFXW010000098.1 (1681bp)
Best alignment score: 1681.0 (LEN: 1681, IDY: 100.00), Total number of alignments: 1
		One align captures most of this contig: 1 1681 | 1 1681 | 1681 1681 | 100.0 | JARFXW010000098.1 JARFXW010000098.1

CONTIG: JARFXW010000099.1 (7554bp)
Best alignment score: 7554.0 (LEN: 7554, IDY: 100.00), Total number of alignments: 1
		One align captures most of this contig: 1 7554 | 1 7554 | 7554 7554 | 100.0 | JARFXW010000099.1 JARFXW010000099.1

CONTIG: JARFXW010000100.1 (2124bp)
Best alignment score: 2124.0 (LEN: 2124, IDY: 100.00), Total number of alignments: 1
		One align captures most of this contig: 1 2124 | 1 2124 | 2124 2124 | 100.0 | JARFXW010000100.1 JARFXW010000100.1

Analyzing coverage...
Writing SNPs into /root/.local/ax/quast/contigs_reports/minimap_output/GCA_030015405-1.used_snps

Analysis is finished!
Founded SNPs were written into /root/.local/ax/quast/contigs_reports/minimap_output/GCA_030015405-1.used_snps

Results:
	Local Misassemblies: 0
	Misassemblies: 0
		Relocations: 0
		Translocations: 0
		Inversions: 0
	Scaffold gap extensive misassemblies: 0
	Scaffold gap local misassemblies: 0
	Misassembled Contigs: 0
	Misassembled Contig Bases: 0
	Misassemblies Inter-Contig Overlap ("Extra" Aligned Bases): 0
Unaligned Contigs: 0 + 0 part
Half Unaligned Contigs with Misassemblies: 0
Unaligned Bases in Fully and Partially Unaligned Contigs: 0

Ambiguously Mapped Contigs: 0
Total Bases in Ambiguously Mapped Contigs: 0
"Extra" Aligned Bases in Ambiguously Mapped Contigs: 0
Note that --allow-ambiguity option was set to "one" and only first alignment per each of these contigs was used (there is no "extra" aligned bases).

	Covered Bases in Reference: 37748037
	Raw Aligned Bases in Assembly: 37794437
	Total Aligned Bases in Assembly (with "Extras"): 37794437

	SNPs: 0
	Insertions: 0
	Deletions: 0

